{"C:\\Users\\PC\\Desktop\\Cohorte05\\Backend2\\config.js": {"path":"C:\\Users\\PC\\Desktop\\Cohorte05\\Backend2\\config.js","statementMap":{"0":{"start":{"line":1,"column":13},"end":{"line":3,"column":1}},"1":{"start":{"line":5,"column":0},"end":{"line":5,"column":27}},"2":{"start":{"line":6,"column":0},"end":{"line":6,"column":40}},"3":{"start":{"line":8,"column":0},"end":{"line":8,"column":28}},"4":{"start":{"line":9,"column":0},"end":{"line":9,"column":36}},"5":{"start":{"line":10,"column":0},"end":{"line":10,"column":20}},"6":{"start":{"line":11,"column":0},"end":{"line":11,"column":93}},"7":{"start":{"line":12,"column":0},"end":{"line":12,"column":27}},"8":{"start":{"line":15,"column":0},"end":{"line":15,"column":36}},"9":{"start":{"line":16,"column":0},"end":{"line":16,"column":23}},"10":{"start":{"line":17,"column":0},"end":{"line":17,"column":50}},"11":{"start":{"line":18,"column":0},"end":{"line":18,"column":38}},"12":{"start":{"line":20,"column":0},"end":{"line":26,"column":1}},"13":{"start":{"line":28,"column":0},"end":{"line":28,"column":30}}},"fnMap":{},"branchMap":{},"s":{"0":2,"1":2,"2":2,"3":2,"4":2,"5":2,"6":2,"7":2,"8":2,"9":2,"10":2,"11":2,"12":2,"13":2},"f":{},"b":{},"_coverageSchema":"1a1c01bbd47fc00a2c39e90264f33305004495a9","hash":"50aa9c039c60a2cb6f12bb92d9cc43655bdc6301"}
,"C:\\Users\\PC\\Desktop\\Cohorte05\\Backend2\\api\\controladores\\serviciosController.js": {"path":"C:\\Users\\PC\\Desktop\\Cohorte05\\Backend2\\api\\controladores\\serviciosController.js","statementMap":{"0":{"start":{"line":1,"column":21},"end":{"line":1,"column":75}},"1":{"start":{"line":3,"column":26},"end":{"line":3,"column":28}},"2":{"start":{"line":6,"column":0},"end":{"line":38,"column":1}},"3":{"start":{"line":7,"column":15},"end":{"line":10,"column":5}},"4":{"start":{"line":11,"column":4},"end":{"line":14,"column":5}},"5":{"start":{"line":12,"column":8},"end":{"line":12,"column":79}},"6":{"start":{"line":13,"column":8},"end":{"line":13,"column":20}},"7":{"start":{"line":16,"column":8},"end":{"line":19,"column":5}},"8":{"start":{"line":17,"column":8},"end":{"line":17,"column":78}},"9":{"start":{"line":18,"column":8},"end":{"line":18,"column":20}},"10":{"start":{"line":21,"column":4},"end":{"line":37,"column":6}},"11":{"start":{"line":22,"column":8},"end":{"line":36,"column":9}},"12":{"start":{"line":23,"column":12},"end":{"line":31,"column":14}},"13":{"start":{"line":24,"column":16},"end":{"line":29,"column":17}},"14":{"start":{"line":25,"column":20},"end":{"line":25,"column":99}},"15":{"start":{"line":28,"column":20},"end":{"line":28,"column":88}},"16":{"start":{"line":35,"column":12},"end":{"line":35,"column":101}},"17":{"start":{"line":40,"column":0},"end":{"line":44,"column":1}},"18":{"start":{"line":41,"column":4},"end":{"line":43,"column":6}},"19":{"start":{"line":42,"column":8},"end":{"line":42,"column":32}},"20":{"start":{"line":46,"column":0},"end":{"line":61,"column":1}},"21":{"start":{"line":47,"column":15},"end":{"line":49,"column":5}},"22":{"start":{"line":51,"column":8},"end":{"line":54,"column":5}},"23":{"start":{"line":52,"column":8},"end":{"line":52,"column":76}},"24":{"start":{"line":53,"column":8},"end":{"line":53,"column":20}},"25":{"start":{"line":56,"column":4},"end":{"line":58,"column":6}},"26":{"start":{"line":57,"column":8},"end":{"line":57,"column":32}},"27":{"start":{"line":63,"column":0},"end":{"line":96,"column":1}},"28":{"start":{"line":64,"column":15},"end":{"line":68,"column":5}},"29":{"start":{"line":70,"column":12},"end":{"line":73,"column":5}},"30":{"start":{"line":71,"column":8},"end":{"line":71,"column":79}},"31":{"start":{"line":72,"column":8},"end":{"line":72,"column":20}},"32":{"start":{"line":75,"column":8},"end":{"line":78,"column":5}},"33":{"start":{"line":76,"column":8},"end":{"line":76,"column":76}},"34":{"start":{"line":77,"column":8},"end":{"line":77,"column":20}},"35":{"start":{"line":80,"column":4},"end":{"line":94,"column":6}},"36":{"start":{"line":81,"column":8},"end":{"line":93,"column":9}},"37":{"start":{"line":82,"column":12},"end":{"line":82,"column":88}},"38":{"start":{"line":85,"column":12},"end":{"line":92,"column":14}},"39":{"start":{"line":86,"column":16},"end":{"line":91,"column":17}},"40":{"start":{"line":87,"column":20},"end":{"line":87,"column":88}},"41":{"start":{"line":90,"column":16},"end":{"line":90,"column":102}},"42":{"start":{"line":98,"column":0},"end":{"line":125,"column":1}},"43":{"start":{"line":99,"column":16},"end":{"line":102,"column":5}},"44":{"start":{"line":104,"column":8},"end":{"line":107,"column":5}},"45":{"start":{"line":105,"column":8},"end":{"line":105,"column":76}},"46":{"start":{"line":106,"column":8},"end":{"line":106,"column":20}},"47":{"start":{"line":109,"column":4},"end":{"line":123,"column":6}},"48":{"start":{"line":110,"column":8},"end":{"line":122,"column":9}},"49":{"start":{"line":111,"column":12},"end":{"line":111,"column":86}},"50":{"start":{"line":114,"column":12},"end":{"line":121,"column":14}},"51":{"start":{"line":115,"column":16},"end":{"line":120,"column":17}},"52":{"start":{"line":116,"column":20},"end":{"line":116,"column":86}},"53":{"start":{"line":119,"column":16},"end":{"line":119,"column":100}},"54":{"start":{"line":127,"column":0},"end":{"line":131,"column":1}},"55":{"start":{"line":128,"column":4},"end":{"line":130,"column":6}},"56":{"start":{"line":129,"column":8},"end":{"line":129,"column":32}},"57":{"start":{"line":135,"column":0},"end":{"line":135,"column":56}}},"fnMap":{"0":{"name":"(anonymous_0)","decl":{"start":{"line":6,"column":30},"end":{"line":6,"column":31}},"loc":{"start":{"line":6,"column":57},"end":{"line":38,"column":1}},"line":6},"1":{"name":"(anonymous_1)","decl":{"start":{"line":21,"column":38},"end":{"line":21,"column":39}},"loc":{"start":{"line":21,"column":54},"end":{"line":37,"column":5}},"line":21},"2":{"name":"(anonymous_2)","decl":{"start":{"line":23,"column":41},"end":{"line":23,"column":42}},"loc":{"start":{"line":23,"column":60},"end":{"line":31,"column":13}},"line":23},"3":{"name":"(anonymous_3)","decl":{"start":{"line":40,"column":34},"end":{"line":40,"column":35}},"loc":{"start":{"line":40,"column":61},"end":{"line":44,"column":1}},"line":40},"4":{"name":"(anonymous_4)","decl":{"start":{"line":41,"column":37},"end":{"line":41,"column":38}},"loc":{"start":{"line":41,"column":56},"end":{"line":43,"column":5}},"line":41},"5":{"name":"(anonymous_5)","decl":{"start":{"line":46,"column":31},"end":{"line":46,"column":32}},"loc":{"start":{"line":46,"column":58},"end":{"line":61,"column":1}},"line":46},"6":{"name":"(anonymous_6)","decl":{"start":{"line":56,"column":34},"end":{"line":56,"column":35}},"loc":{"start":{"line":56,"column":53},"end":{"line":58,"column":5}},"line":56},"7":{"name":"(anonymous_7)","decl":{"start":{"line":63,"column":33},"end":{"line":63,"column":34}},"loc":{"start":{"line":63,"column":60},"end":{"line":96,"column":1}},"line":63},"8":{"name":"(anonymous_8)","decl":{"start":{"line":80,"column":34},"end":{"line":80,"column":35}},"loc":{"start":{"line":80,"column":50},"end":{"line":94,"column":5}},"line":80},"9":{"name":"(anonymous_9)","decl":{"start":{"line":85,"column":44},"end":{"line":85,"column":45}},"loc":{"start":{"line":85,"column":63},"end":{"line":92,"column":13}},"line":85},"10":{"name":"(anonymous_10)","decl":{"start":{"line":98,"column":31},"end":{"line":98,"column":32}},"loc":{"start":{"line":98,"column":58},"end":{"line":125,"column":1}},"line":98},"11":{"name":"(anonymous_11)","decl":{"start":{"line":109,"column":34},"end":{"line":109,"column":35}},"loc":{"start":{"line":109,"column":50},"end":{"line":123,"column":5}},"line":109},"12":{"name":"(anonymous_12)","decl":{"start":{"line":114,"column":42},"end":{"line":114,"column":43}},"loc":{"start":{"line":114,"column":61},"end":{"line":121,"column":13}},"line":114},"13":{"name":"(anonymous_13)","decl":{"start":{"line":127,"column":37},"end":{"line":127,"column":38}},"loc":{"start":{"line":127,"column":64},"end":{"line":131,"column":1}},"line":127},"14":{"name":"(anonymous_14)","decl":{"start":{"line":128,"column":40},"end":{"line":128,"column":41}},"loc":{"start":{"line":128,"column":59},"end":{"line":130,"column":5}},"line":128}},"branchMap":{"0":{"loc":{"start":{"line":11,"column":4},"end":{"line":14,"column":5}},"type":"if","locations":[{"start":{"line":11,"column":4},"end":{"line":14,"column":5}},{"start":{},"end":{}}],"line":11},"1":{"loc":{"start":{"line":11,"column":7},"end":{"line":11,"column":82}},"type":"binary-expr","locations":[{"start":{"line":11,"column":7},"end":{"line":11,"column":31}},{"start":{"line":11,"column":35},"end":{"line":11,"column":54}},{"start":{"line":11,"column":58},"end":{"line":11,"column":82}}],"line":11},"2":{"loc":{"start":{"line":16,"column":8},"end":{"line":19,"column":5}},"type":"if","locations":[{"start":{"line":16,"column":8},"end":{"line":19,"column":5}},{"start":{},"end":{}}],"line":16},"3":{"loc":{"start":{"line":16,"column":11},"end":{"line":16,"column":86}},"type":"binary-expr","locations":[{"start":{"line":16,"column":11},"end":{"line":16,"column":35}},{"start":{"line":16,"column":39},"end":{"line":16,"column":58}},{"start":{"line":16,"column":62},"end":{"line":16,"column":86}}],"line":16},"4":{"loc":{"start":{"line":22,"column":8},"end":{"line":36,"column":9}},"type":"if","locations":[{"start":{"line":22,"column":8},"end":{"line":36,"column":9}},{"start":{"line":34,"column":12},"end":{"line":36,"column":9}}],"line":22},"5":{"loc":{"start":{"line":24,"column":16},"end":{"line":29,"column":17}},"type":"if","locations":[{"start":{"line":24,"column":16},"end":{"line":29,"column":17}},{"start":{"line":27,"column":20},"end":{"line":29,"column":17}}],"line":24},"6":{"loc":{"start":{"line":51,"column":8},"end":{"line":54,"column":5}},"type":"if","locations":[{"start":{"line":51,"column":8},"end":{"line":54,"column":5}},{"start":{},"end":{}}],"line":51},"7":{"loc":{"start":{"line":51,"column":11},"end":{"line":51,"column":77}},"type":"binary-expr","locations":[{"start":{"line":51,"column":11},"end":{"line":51,"column":32}},{"start":{"line":51,"column":36},"end":{"line":51,"column":52}},{"start":{"line":51,"column":56},"end":{"line":51,"column":77}}],"line":51},"8":{"loc":{"start":{"line":70,"column":12},"end":{"line":73,"column":5}},"type":"if","locations":[{"start":{"line":70,"column":12},"end":{"line":73,"column":5}},{"start":{},"end":{}}],"line":70},"9":{"loc":{"start":{"line":70,"column":15},"end":{"line":70,"column":90}},"type":"binary-expr","locations":[{"start":{"line":70,"column":15},"end":{"line":70,"column":39}},{"start":{"line":70,"column":43},"end":{"line":70,"column":62}},{"start":{"line":70,"column":66},"end":{"line":70,"column":90}}],"line":70},"10":{"loc":{"start":{"line":75,"column":8},"end":{"line":78,"column":5}},"type":"if","locations":[{"start":{"line":75,"column":8},"end":{"line":78,"column":5}},{"start":{},"end":{}}],"line":75},"11":{"loc":{"start":{"line":75,"column":11},"end":{"line":75,"column":77}},"type":"binary-expr","locations":[{"start":{"line":75,"column":11},"end":{"line":75,"column":32}},{"start":{"line":75,"column":36},"end":{"line":75,"column":52}},{"start":{"line":75,"column":56},"end":{"line":75,"column":77}}],"line":75},"12":{"loc":{"start":{"line":81,"column":8},"end":{"line":93,"column":9}},"type":"if","locations":[{"start":{"line":81,"column":8},"end":{"line":93,"column":9}},{"start":{"line":84,"column":12},"end":{"line":93,"column":9}}],"line":81},"13":{"loc":{"start":{"line":86,"column":16},"end":{"line":91,"column":17}},"type":"if","locations":[{"start":{"line":86,"column":16},"end":{"line":91,"column":17}},{"start":{"line":89,"column":20},"end":{"line":91,"column":17}}],"line":86},"14":{"loc":{"start":{"line":104,"column":8},"end":{"line":107,"column":5}},"type":"if","locations":[{"start":{"line":104,"column":8},"end":{"line":107,"column":5}},{"start":{},"end":{}}],"line":104},"15":{"loc":{"start":{"line":104,"column":11},"end":{"line":104,"column":77}},"type":"binary-expr","locations":[{"start":{"line":104,"column":11},"end":{"line":104,"column":32}},{"start":{"line":104,"column":36},"end":{"line":104,"column":52}},{"start":{"line":104,"column":56},"end":{"line":104,"column":77}}],"line":104},"16":{"loc":{"start":{"line":110,"column":8},"end":{"line":122,"column":9}},"type":"if","locations":[{"start":{"line":110,"column":8},"end":{"line":122,"column":9}},{"start":{"line":113,"column":12},"end":{"line":122,"column":9}}],"line":110},"17":{"loc":{"start":{"line":115,"column":16},"end":{"line":120,"column":17}},"type":"if","locations":[{"start":{"line":115,"column":16},"end":{"line":120,"column":17}},{"start":{"line":118,"column":20},"end":{"line":120,"column":17}}],"line":115}},"s":{"0":1,"1":1,"2":1,"3":5,"4":5,"5":1,"6":1,"7":4,"8":1,"9":1,"10":3,"11":3,"12":2,"13":2,"14":2,"15":0,"16":1,"17":1,"18":1,"19":1,"20":1,"21":2,"22":2,"23":1,"24":1,"25":1,"26":1,"27":1,"28":4,"29":4,"30":1,"31":1,"32":3,"33":1,"34":1,"35":2,"36":2,"37":1,"38":1,"39":1,"40":1,"41":0,"42":1,"43":4,"44":4,"45":1,"46":1,"47":3,"48":3,"49":2,"50":1,"51":1,"52":1,"53":0,"54":1,"55":0,"56":0,"57":1},"f":{"0":5,"1":3,"2":2,"3":1,"4":1,"5":2,"6":1,"7":4,"8":2,"9":1,"10":4,"11":3,"12":1,"13":0,"14":0},"b":{"0":[1,4],"1":[5,5,5],"2":[1,3],"3":[4,4,4],"4":[2,1],"5":[2,0],"6":[1,1],"7":[2,1,1],"8":[1,3],"9":[4,4,4],"10":[1,2],"11":[3,3,3],"12":[1,1],"13":[1,0],"14":[1,3],"15":[4,4,4],"16":[2,1],"17":[1,0]},"_coverageSchema":"1a1c01bbd47fc00a2c39e90264f33305004495a9","hash":"12e8a4ef14cc328223a6236e87ff9746d0839d2d"}
,"C:\\Users\\PC\\Desktop\\Cohorte05\\Backend2\\api\\controladores\\usuariosController.js": {"path":"C:\\Users\\PC\\Desktop\\Cohorte05\\Backend2\\api\\controladores\\usuariosController.js","statementMap":{"0":{"start":{"line":1,"column":17},"end":{"line":1,"column":36}},"1":{"start":{"line":2,"column":20},"end":{"line":2,"column":72}},"2":{"start":{"line":4,"column":25},"end":{"line":4,"column":27}},"3":{"start":{"line":8,"column":0},"end":{"line":65,"column":2}},"4":{"start":{"line":9,"column":13},"end":{"line":14,"column":3}},"5":{"start":{"line":17,"column":2},"end":{"line":22,"column":3}},"6":{"start":{"line":18,"column":4},"end":{"line":20,"column":73}},"7":{"start":{"line":21,"column":4},"end":{"line":21,"column":17}},"8":{"start":{"line":24,"column":2},"end":{"line":29,"column":3}},"9":{"start":{"line":25,"column":4},"end":{"line":27,"column":71}},"10":{"start":{"line":28,"column":4},"end":{"line":28,"column":17}},"11":{"start":{"line":31,"column":2},"end":{"line":36,"column":3}},"12":{"start":{"line":32,"column":4},"end":{"line":34,"column":75}},"13":{"start":{"line":35,"column":4},"end":{"line":35,"column":17}},"14":{"start":{"line":38,"column":2},"end":{"line":43,"column":3}},"15":{"start":{"line":39,"column":4},"end":{"line":41,"column":70}},"16":{"start":{"line":42,"column":4},"end":{"line":42,"column":17}},"17":{"start":{"line":46,"column":2},"end":{"line":46,"column":62}},"18":{"start":{"line":49,"column":2},"end":{"line":64,"column":5}},"19":{"start":{"line":52,"column":4},"end":{"line":63,"column":5}},"20":{"start":{"line":54,"column":6},"end":{"line":60,"column":9}},"21":{"start":{"line":55,"column":8},"end":{"line":59,"column":9}},"22":{"start":{"line":56,"column":10},"end":{"line":56,"column":79}},"23":{"start":{"line":58,"column":10},"end":{"line":58,"column":71}},"24":{"start":{"line":62,"column":6},"end":{"line":62,"column":87}},"25":{"start":{"line":67,"column":0},"end":{"line":71,"column":2}},"26":{"start":{"line":68,"column":2},"end":{"line":70,"column":5}},"27":{"start":{"line":69,"column":4},"end":{"line":69,"column":53}},"28":{"start":{"line":73,"column":0},"end":{"line":101,"column":2}},"29":{"start":{"line":74,"column":13},"end":{"line":76,"column":3}},"30":{"start":{"line":79,"column":2},"end":{"line":85,"column":3}},"31":{"start":{"line":80,"column":4},"end":{"line":83,"column":7}},"32":{"start":{"line":84,"column":4},"end":{"line":84,"column":17}},"33":{"start":{"line":88,"column":2},"end":{"line":95,"column":3}},"34":{"start":{"line":89,"column":4},"end":{"line":93,"column":7}},"35":{"start":{"line":94,"column":4},"end":{"line":94,"column":17}},"36":{"start":{"line":98,"column":2},"end":{"line":100,"column":5}},"37":{"start":{"line":99,"column":4},"end":{"line":99,"column":29}},"38":{"start":{"line":103,"column":0},"end":{"line":171,"column":2}},"39":{"start":{"line":104,"column":13},"end":{"line":109,"column":3}},"40":{"start":{"line":112,"column":2},"end":{"line":117,"column":3}},"41":{"start":{"line":113,"column":4},"end":{"line":115,"column":70}},"42":{"start":{"line":116,"column":4},"end":{"line":116,"column":17}},"43":{"start":{"line":119,"column":2},"end":{"line":124,"column":3}},"44":{"start":{"line":120,"column":4},"end":{"line":122,"column":73}},"45":{"start":{"line":123,"column":4},"end":{"line":123,"column":17}},"46":{"start":{"line":126,"column":2},"end":{"line":129,"column":3}},"47":{"start":{"line":127,"column":4},"end":{"line":127,"column":79}},"48":{"start":{"line":128,"column":4},"end":{"line":128,"column":17}},"49":{"start":{"line":131,"column":2},"end":{"line":134,"column":3}},"50":{"start":{"line":132,"column":4},"end":{"line":132,"column":76}},"51":{"start":{"line":133,"column":4},"end":{"line":133,"column":17}},"52":{"start":{"line":136,"column":2},"end":{"line":139,"column":3}},"53":{"start":{"line":137,"column":4},"end":{"line":137,"column":124}},"54":{"start":{"line":138,"column":4},"end":{"line":138,"column":17}},"55":{"start":{"line":141,"column":2},"end":{"line":153,"column":5}},"56":{"start":{"line":142,"column":4},"end":{"line":152,"column":5}},"57":{"start":{"line":143,"column":6},"end":{"line":143,"column":76}},"58":{"start":{"line":144,"column":6},"end":{"line":144,"column":19}},"59":{"start":{"line":146,"column":6},"end":{"line":151,"column":9}},"60":{"start":{"line":147,"column":8},"end":{"line":150,"column":9}},"61":{"start":{"line":148,"column":10},"end":{"line":148,"column":78}},"62":{"start":{"line":149,"column":10},"end":{"line":149,"column":23}},"63":{"start":{"line":173,"column":0},"end":{"line":227,"column":2}},"64":{"start":{"line":174,"column":13},"end":{"line":176,"column":3}},"65":{"start":{"line":178,"column":2},"end":{"line":178,"column":71}},"66":{"start":{"line":180,"column":2},"end":{"line":185,"column":3}},"67":{"start":{"line":181,"column":4},"end":{"line":183,"column":70}},"68":{"start":{"line":184,"column":4},"end":{"line":184,"column":17}},"69":{"start":{"line":187,"column":2},"end":{"line":194,"column":3}},"70":{"start":{"line":188,"column":4},"end":{"line":192,"column":7}},"71":{"start":{"line":193,"column":4},"end":{"line":193,"column":17}},"72":{"start":{"line":196,"column":2},"end":{"line":208,"column":5}},"73":{"start":{"line":197,"column":4},"end":{"line":207,"column":5}},"74":{"start":{"line":198,"column":6},"end":{"line":198,"column":76}},"75":{"start":{"line":199,"column":6},"end":{"line":199,"column":19}},"76":{"start":{"line":201,"column":6},"end":{"line":206,"column":9}},"77":{"start":{"line":202,"column":8},"end":{"line":205,"column":9}},"78":{"start":{"line":203,"column":10},"end":{"line":203,"column":76}},"79":{"start":{"line":204,"column":10},"end":{"line":204,"column":23}},"80":{"start":{"line":232,"column":0},"end":{"line":333,"column":2}},"81":{"start":{"line":233,"column":13},"end":{"line":237,"column":3}},"82":{"start":{"line":239,"column":2},"end":{"line":246,"column":3}},"83":{"start":{"line":244,"column":4},"end":{"line":244,"column":79}},"84":{"start":{"line":245,"column":4},"end":{"line":245,"column":17}},"85":{"start":{"line":247,"column":2},"end":{"line":254,"column":3}},"86":{"start":{"line":252,"column":4},"end":{"line":252,"column":78}},"87":{"start":{"line":253,"column":4},"end":{"line":253,"column":17}},"88":{"start":{"line":255,"column":2},"end":{"line":265,"column":3}},"89":{"start":{"line":260,"column":4},"end":{"line":263,"column":7}},"90":{"start":{"line":264,"column":4},"end":{"line":264,"column":17}},"91":{"start":{"line":267,"column":2},"end":{"line":267,"column":62}},"92":{"start":{"line":269,"column":13},"end":{"line":269,"column":68}},"93":{"start":{"line":270,"column":2},"end":{"line":270,"column":21}},"94":{"start":{"line":272,"column":2},"end":{"line":332,"column":5}},"95":{"start":{"line":273,"column":4},"end":{"line":331,"column":5}},"96":{"start":{"line":274,"column":6},"end":{"line":328,"column":9}},"97":{"start":{"line":275,"column":8},"end":{"line":327,"column":9}},"98":{"start":{"line":279,"column":30},"end":{"line":288,"column":12}},"99":{"start":{"line":290,"column":28},"end":{"line":311,"column":11}},"100":{"start":{"line":313,"column":10},"end":{"line":321,"column":13}},"101":{"start":{"line":314,"column":12},"end":{"line":320,"column":13}},"102":{"start":{"line":316,"column":14},"end":{"line":316,"column":80}},"103":{"start":{"line":319,"column":14},"end":{"line":319,"column":109}},"104":{"start":{"line":323,"column":10},"end":{"line":326,"column":13}},"105":{"start":{"line":330,"column":6},"end":{"line":330,"column":91}},"106":{"start":{"line":335,"column":0},"end":{"line":366,"column":2}},"107":{"start":{"line":336,"column":13},"end":{"line":339,"column":3}},"108":{"start":{"line":341,"column":2},"end":{"line":348,"column":3}},"109":{"start":{"line":346,"column":4},"end":{"line":346,"column":78}},"110":{"start":{"line":347,"column":4},"end":{"line":347,"column":17}},"111":{"start":{"line":350,"column":2},"end":{"line":357,"column":3}},"112":{"start":{"line":355,"column":4},"end":{"line":355,"column":79}},"113":{"start":{"line":356,"column":4},"end":{"line":356,"column":17}},"114":{"start":{"line":359,"column":2},"end":{"line":365,"column":5}},"115":{"start":{"line":360,"column":4},"end":{"line":364,"column":5}},"116":{"start":{"line":361,"column":6},"end":{"line":361,"column":80}},"117":{"start":{"line":363,"column":6},"end":{"line":363,"column":79}},"118":{"start":{"line":368,"column":0},"end":{"line":428,"column":2}},"119":{"start":{"line":369,"column":13},"end":{"line":372,"column":3}},"120":{"start":{"line":374,"column":2},"end":{"line":381,"column":3}},"121":{"start":{"line":379,"column":4},"end":{"line":379,"column":78}},"122":{"start":{"line":380,"column":4},"end":{"line":380,"column":17}},"123":{"start":{"line":382,"column":2},"end":{"line":389,"column":3}},"124":{"start":{"line":387,"column":4},"end":{"line":387,"column":81}},"125":{"start":{"line":388,"column":4},"end":{"line":388,"column":17}},"126":{"start":{"line":391,"column":2},"end":{"line":391,"column":62}},"127":{"start":{"line":393,"column":2},"end":{"line":427,"column":5}},"128":{"start":{"line":394,"column":4},"end":{"line":426,"column":5}},"129":{"start":{"line":395,"column":6},"end":{"line":395,"column":73}},"130":{"start":{"line":397,"column":6},"end":{"line":403,"column":7}},"131":{"start":{"line":398,"column":8},"end":{"line":401,"column":11}},"132":{"start":{"line":402,"column":8},"end":{"line":402,"column":21}},"133":{"start":{"line":405,"column":6},"end":{"line":411,"column":7}},"134":{"start":{"line":406,"column":8},"end":{"line":409,"column":11}},"135":{"start":{"line":410,"column":8},"end":{"line":410,"column":21}},"136":{"start":{"line":413,"column":6},"end":{"line":425,"column":7}},"137":{"start":{"line":414,"column":8},"end":{"line":414,"column":53}},"138":{"start":{"line":415,"column":8},"end":{"line":415,"column":51}},"139":{"start":{"line":416,"column":8},"end":{"line":416,"column":47}},"140":{"start":{"line":417,"column":8},"end":{"line":417,"column":47}},"141":{"start":{"line":418,"column":8},"end":{"line":418,"column":71}},"142":{"start":{"line":419,"column":8},"end":{"line":422,"column":11}},"143":{"start":{"line":424,"column":8},"end":{"line":424,"column":79}},"144":{"start":{"line":430,"column":0},"end":{"line":443,"column":2}},"145":{"start":{"line":431,"column":13},"end":{"line":433,"column":3}},"146":{"start":{"line":435,"column":2},"end":{"line":438,"column":3}},"147":{"start":{"line":436,"column":4},"end":{"line":436,"column":89}},"148":{"start":{"line":437,"column":4},"end":{"line":437,"column":17}},"149":{"start":{"line":440,"column":2},"end":{"line":442,"column":5}},"150":{"start":{"line":441,"column":4},"end":{"line":441,"column":29}},"151":{"start":{"line":445,"column":0},"end":{"line":506,"column":2}},"152":{"start":{"line":446,"column":13},"end":{"line":448,"column":3}},"153":{"start":{"line":450,"column":2},"end":{"line":457,"column":3}},"154":{"start":{"line":455,"column":4},"end":{"line":455,"column":78}},"155":{"start":{"line":456,"column":4},"end":{"line":456,"column":17}},"156":{"start":{"line":459,"column":2},"end":{"line":459,"column":72}},"157":{"start":{"line":461,"column":2},"end":{"line":505,"column":5}},"158":{"start":{"line":462,"column":24},"end":{"line":471,"column":6}},"159":{"start":{"line":473,"column":22},"end":{"line":490,"column":5}},"160":{"start":{"line":492,"column":4},"end":{"line":504,"column":7}},"161":{"start":{"line":493,"column":6},"end":{"line":503,"column":7}},"162":{"start":{"line":495,"column":8},"end":{"line":495,"column":74}},"163":{"start":{"line":498,"column":8},"end":{"line":502,"column":11}},"164":{"start":{"line":508,"column":0},"end":{"line":562,"column":2}},"165":{"start":{"line":509,"column":13},"end":{"line":513,"column":3}},"166":{"start":{"line":515,"column":2},"end":{"line":522,"column":3}},"167":{"start":{"line":520,"column":4},"end":{"line":520,"column":78}},"168":{"start":{"line":521,"column":4},"end":{"line":521,"column":17}},"169":{"start":{"line":524,"column":2},"end":{"line":534,"column":3}},"170":{"start":{"line":529,"column":4},"end":{"line":532,"column":7}},"171":{"start":{"line":533,"column":4},"end":{"line":533,"column":17}},"172":{"start":{"line":536,"column":2},"end":{"line":546,"column":3}},"173":{"start":{"line":541,"column":4},"end":{"line":544,"column":7}},"174":{"start":{"line":545,"column":4},"end":{"line":545,"column":17}},"175":{"start":{"line":548,"column":2},"end":{"line":548,"column":62}},"176":{"start":{"line":550,"column":2},"end":{"line":561,"column":5}},"177":{"start":{"line":551,"column":4},"end":{"line":560,"column":5}},"178":{"start":{"line":552,"column":6},"end":{"line":555,"column":9}},"179":{"start":{"line":556,"column":6},"end":{"line":556,"column":19}},"180":{"start":{"line":558,"column":6},"end":{"line":558,"column":76}},"181":{"start":{"line":559,"column":6},"end":{"line":559,"column":19}},"182":{"start":{"line":564,"column":0},"end":{"line":593,"column":2}},"183":{"start":{"line":565,"column":13},"end":{"line":568,"column":3}},"184":{"start":{"line":569,"column":2},"end":{"line":579,"column":3}},"185":{"start":{"line":574,"column":4},"end":{"line":577,"column":7}},"186":{"start":{"line":578,"column":4},"end":{"line":578,"column":17}},"187":{"start":{"line":580,"column":2},"end":{"line":586,"column":3}},"188":{"start":{"line":581,"column":4},"end":{"line":584,"column":7}},"189":{"start":{"line":585,"column":4},"end":{"line":585,"column":17}},"190":{"start":{"line":587,"column":2},"end":{"line":587,"column":62}},"191":{"start":{"line":589,"column":2},"end":{"line":592,"column":5}},"192":{"start":{"line":590,"column":4},"end":{"line":590,"column":30}},"193":{"start":{"line":591,"column":4},"end":{"line":591,"column":77}},"194":{"start":{"line":595,"column":0},"end":{"line":621,"column":2}},"195":{"start":{"line":596,"column":13},"end":{"line":599,"column":3}},"196":{"start":{"line":601,"column":2},"end":{"line":607,"column":3}},"197":{"start":{"line":602,"column":4},"end":{"line":605,"column":7}},"198":{"start":{"line":606,"column":4},"end":{"line":606,"column":17}},"199":{"start":{"line":609,"column":2},"end":{"line":612,"column":3}},"200":{"start":{"line":610,"column":4},"end":{"line":610,"column":79}},"201":{"start":{"line":611,"column":4},"end":{"line":611,"column":17}},"202":{"start":{"line":614,"column":2},"end":{"line":620,"column":5}},"203":{"start":{"line":615,"column":4},"end":{"line":619,"column":5}},"204":{"start":{"line":616,"column":6},"end":{"line":616,"column":78}},"205":{"start":{"line":618,"column":6},"end":{"line":618,"column":80}},"206":{"start":{"line":624,"column":0},"end":{"line":624,"column":55}}},"fnMap":{"0":{"name":"(anonymous_0)","decl":{"start":{"line":8,"column":29},"end":{"line":8,"column":30}},"loc":{"start":{"line":8,"column":58},"end":{"line":65,"column":1}},"line":8},"1":{"name":"(anonymous_1)","decl":{"start":{"line":49,"column":35},"end":{"line":49,"column":36}},"loc":{"start":{"line":49,"column":53},"end":{"line":64,"column":3}},"line":49},"2":{"name":"(anonymous_2)","decl":{"start":{"line":54,"column":34},"end":{"line":54,"column":35}},"loc":{"start":{"line":54,"column":55},"end":{"line":60,"column":7}},"line":54},"3":{"name":"(anonymous_3)","decl":{"start":{"line":67,"column":33},"end":{"line":67,"column":34}},"loc":{"start":{"line":67,"column":62},"end":{"line":71,"column":1}},"line":67},"4":{"name":"(anonymous_4)","decl":{"start":{"line":68,"column":32},"end":{"line":68,"column":33}},"loc":{"start":{"line":68,"column":53},"end":{"line":70,"column":3}},"line":68},"5":{"name":"(anonymous_5)","decl":{"start":{"line":73,"column":30},"end":{"line":73,"column":31}},"loc":{"start":{"line":73,"column":59},"end":{"line":101,"column":1}},"line":73},"6":{"name":"(anonymous_6)","decl":{"start":{"line":98,"column":31},"end":{"line":98,"column":32}},"loc":{"start":{"line":98,"column":52},"end":{"line":100,"column":3}},"line":98},"7":{"name":"(anonymous_7)","decl":{"start":{"line":103,"column":32},"end":{"line":103,"column":33}},"loc":{"start":{"line":103,"column":61},"end":{"line":171,"column":1}},"line":103},"8":{"name":"(anonymous_8)","decl":{"start":{"line":141,"column":31},"end":{"line":141,"column":32}},"loc":{"start":{"line":141,"column":49},"end":{"line":153,"column":3}},"line":141},"9":{"name":"(anonymous_9)","decl":{"start":{"line":146,"column":37},"end":{"line":146,"column":38}},"loc":{"start":{"line":146,"column":58},"end":{"line":151,"column":7}},"line":146},"10":{"name":"(anonymous_10)","decl":{"start":{"line":173,"column":30},"end":{"line":173,"column":31}},"loc":{"start":{"line":173,"column":59},"end":{"line":227,"column":1}},"line":173},"11":{"name":"(anonymous_11)","decl":{"start":{"line":196,"column":31},"end":{"line":196,"column":32}},"loc":{"start":{"line":196,"column":49},"end":{"line":208,"column":3}},"line":196},"12":{"name":"(anonymous_12)","decl":{"start":{"line":201,"column":35},"end":{"line":201,"column":36}},"loc":{"start":{"line":201,"column":56},"end":{"line":206,"column":7}},"line":201},"13":{"name":"(anonymous_13)","decl":{"start":{"line":232,"column":31},"end":{"line":232,"column":32}},"loc":{"start":{"line":232,"column":60},"end":{"line":333,"column":1}},"line":232},"14":{"name":"(anonymous_14)","decl":{"start":{"line":272,"column":35},"end":{"line":272,"column":36}},"loc":{"start":{"line":272,"column":53},"end":{"line":332,"column":3}},"line":272},"15":{"name":"(anonymous_15)","decl":{"start":{"line":274,"column":36},"end":{"line":274,"column":37}},"loc":{"start":{"line":274,"column":57},"end":{"line":328,"column":7}},"line":274},"16":{"name":"(anonymous_16)","decl":{"start":{"line":313,"column":44},"end":{"line":313,"column":45}},"loc":{"start":{"line":313,"column":61},"end":{"line":321,"column":11}},"line":313},"17":{"name":"(anonymous_17)","decl":{"start":{"line":335,"column":29},"end":{"line":335,"column":30}},"loc":{"start":{"line":335,"column":58},"end":{"line":366,"column":1}},"line":335},"18":{"name":"(anonymous_18)","decl":{"start":{"line":359,"column":30},"end":{"line":359,"column":31}},"loc":{"start":{"line":359,"column":51},"end":{"line":365,"column":3}},"line":359},"19":{"name":"(anonymous_19)","decl":{"start":{"line":368,"column":27},"end":{"line":368,"column":28}},"loc":{"start":{"line":368,"column":56},"end":{"line":428,"column":1}},"line":368},"20":{"name":"(anonymous_20)","decl":{"start":{"line":393,"column":28},"end":{"line":393,"column":29}},"loc":{"start":{"line":393,"column":49},"end":{"line":427,"column":3}},"line":393},"21":{"name":"(anonymous_21)","decl":{"start":{"line":430,"column":30},"end":{"line":430,"column":31}},"loc":{"start":{"line":430,"column":59},"end":{"line":443,"column":1}},"line":430},"22":{"name":"(anonymous_22)","decl":{"start":{"line":440,"column":31},"end":{"line":440,"column":32}},"loc":{"start":{"line":440,"column":52},"end":{"line":442,"column":3}},"line":440},"23":{"name":"(anonymous_23)","decl":{"start":{"line":445,"column":44},"end":{"line":445,"column":45}},"loc":{"start":{"line":445,"column":73},"end":{"line":506,"column":1}},"line":445},"24":{"name":"(anonymous_24)","decl":{"start":{"line":461,"column":45},"end":{"line":461,"column":46}},"loc":{"start":{"line":461,"column":66},"end":{"line":505,"column":3}},"line":461},"25":{"name":"(anonymous_25)","decl":{"start":{"line":492,"column":38},"end":{"line":492,"column":39}},"loc":{"start":{"line":492,"column":55},"end":{"line":504,"column":5}},"line":492},"26":{"name":"(anonymous_26)","decl":{"start":{"line":508,"column":35},"end":{"line":508,"column":36}},"loc":{"start":{"line":508,"column":64},"end":{"line":562,"column":1}},"line":508},"27":{"name":"(anonymous_27)","decl":{"start":{"line":550,"column":36},"end":{"line":550,"column":37}},"loc":{"start":{"line":550,"column":57},"end":{"line":561,"column":3}},"line":550},"28":{"name":"(anonymous_28)","decl":{"start":{"line":564,"column":36},"end":{"line":564,"column":37}},"loc":{"start":{"line":564,"column":65},"end":{"line":593,"column":1}},"line":564},"29":{"name":"(anonymous_29)","decl":{"start":{"line":589,"column":37},"end":{"line":589,"column":38}},"loc":{"start":{"line":589,"column":58},"end":{"line":592,"column":3}},"line":589},"30":{"name":"(anonymous_30)","decl":{"start":{"line":595,"column":40},"end":{"line":595,"column":41}},"loc":{"start":{"line":595,"column":69},"end":{"line":621,"column":1}},"line":595},"31":{"name":"(anonymous_31)","decl":{"start":{"line":614,"column":41},"end":{"line":614,"column":42}},"loc":{"start":{"line":614,"column":62},"end":{"line":620,"column":3}},"line":614}},"branchMap":{"0":{"loc":{"start":{"line":17,"column":2},"end":{"line":22,"column":3}},"type":"if","locations":[{"start":{"line":17,"column":2},"end":{"line":22,"column":3}},{"start":{},"end":{}}],"line":17},"1":{"loc":{"start":{"line":17,"column":6},"end":{"line":17,"column":74}},"type":"binary-expr","locations":[{"start":{"line":17,"column":6},"end":{"line":17,"column":30}},{"start":{"line":17,"column":34},"end":{"line":17,"column":53}},{"start":{"line":17,"column":57},"end":{"line":17,"column":74}}],"line":17},"2":{"loc":{"start":{"line":24,"column":2},"end":{"line":29,"column":3}},"type":"if","locations":[{"start":{"line":24,"column":2},"end":{"line":29,"column":3}},{"start":{},"end":{}}],"line":24},"3":{"loc":{"start":{"line":24,"column":6},"end":{"line":24,"column":71}},"type":"binary-expr","locations":[{"start":{"line":24,"column":6},"end":{"line":24,"column":29}},{"start":{"line":24,"column":33},"end":{"line":24,"column":51}},{"start":{"line":24,"column":55},"end":{"line":24,"column":71}}],"line":24},"4":{"loc":{"start":{"line":31,"column":2},"end":{"line":36,"column":3}},"type":"if","locations":[{"start":{"line":31,"column":2},"end":{"line":36,"column":3}},{"start":{},"end":{}}],"line":31},"5":{"loc":{"start":{"line":31,"column":6},"end":{"line":31,"column":79}},"type":"binary-expr","locations":[{"start":{"line":31,"column":6},"end":{"line":31,"column":32}},{"start":{"line":31,"column":35},"end":{"line":31,"column":56}},{"start":{"line":31,"column":60},"end":{"line":31,"column":79}}],"line":31},"6":{"loc":{"start":{"line":38,"column":2},"end":{"line":43,"column":3}},"type":"if","locations":[{"start":{"line":38,"column":2},"end":{"line":43,"column":3}},{"start":{},"end":{}}],"line":38},"7":{"loc":{"start":{"line":38,"column":6},"end":{"line":38,"column":65}},"type":"binary-expr","locations":[{"start":{"line":38,"column":6},"end":{"line":38,"column":27}},{"start":{"line":38,"column":31},"end":{"line":38,"column":47}},{"start":{"line":38,"column":51},"end":{"line":38,"column":65}}],"line":38},"8":{"loc":{"start":{"line":52,"column":4},"end":{"line":63,"column":5}},"type":"if","locations":[{"start":{"line":52,"column":4},"end":{"line":63,"column":5}},{"start":{"line":61,"column":11},"end":{"line":63,"column":5}}],"line":52},"9":{"loc":{"start":{"line":55,"column":8},"end":{"line":59,"column":9}},"type":"if","locations":[{"start":{"line":55,"column":8},"end":{"line":59,"column":9}},{"start":{"line":57,"column":15},"end":{"line":59,"column":9}}],"line":55},"10":{"loc":{"start":{"line":79,"column":2},"end":{"line":85,"column":3}},"type":"if","locations":[{"start":{"line":79,"column":2},"end":{"line":85,"column":3}},{"start":{},"end":{}}],"line":79},"11":{"loc":{"start":{"line":88,"column":2},"end":{"line":95,"column":3}},"type":"if","locations":[{"start":{"line":88,"column":2},"end":{"line":95,"column":3}},{"start":{},"end":{}}],"line":88},"12":{"loc":{"start":{"line":112,"column":2},"end":{"line":117,"column":3}},"type":"if","locations":[{"start":{"line":112,"column":2},"end":{"line":117,"column":3}},{"start":{},"end":{}}],"line":112},"13":{"loc":{"start":{"line":119,"column":2},"end":{"line":124,"column":3}},"type":"if","locations":[{"start":{"line":119,"column":2},"end":{"line":124,"column":3}},{"start":{},"end":{}}],"line":119},"14":{"loc":{"start":{"line":119,"column":6},"end":{"line":119,"column":74}},"type":"binary-expr","locations":[{"start":{"line":119,"column":6},"end":{"line":119,"column":30}},{"start":{"line":119,"column":34},"end":{"line":119,"column":53}},{"start":{"line":119,"column":57},"end":{"line":119,"column":74}}],"line":119},"15":{"loc":{"start":{"line":126,"column":2},"end":{"line":129,"column":3}},"type":"if","locations":[{"start":{"line":126,"column":2},"end":{"line":129,"column":3}},{"start":{},"end":{}}],"line":126},"16":{"loc":{"start":{"line":126,"column":6},"end":{"line":126,"column":74}},"type":"binary-expr","locations":[{"start":{"line":126,"column":6},"end":{"line":126,"column":30}},{"start":{"line":126,"column":34},"end":{"line":126,"column":53}},{"start":{"line":126,"column":57},"end":{"line":126,"column":74}}],"line":126},"17":{"loc":{"start":{"line":131,"column":2},"end":{"line":134,"column":3}},"type":"if","locations":[{"start":{"line":131,"column":2},"end":{"line":134,"column":3}},{"start":{},"end":{}}],"line":131},"18":{"loc":{"start":{"line":131,"column":6},"end":{"line":131,"column":65}},"type":"binary-expr","locations":[{"start":{"line":131,"column":6},"end":{"line":131,"column":27}},{"start":{"line":131,"column":31},"end":{"line":131,"column":47}},{"start":{"line":131,"column":51},"end":{"line":131,"column":65}}],"line":131},"19":{"loc":{"start":{"line":136,"column":2},"end":{"line":139,"column":3}},"type":"if","locations":[{"start":{"line":136,"column":2},"end":{"line":139,"column":3}},{"start":{},"end":{}}],"line":136},"20":{"loc":{"start":{"line":142,"column":4},"end":{"line":152,"column":5}},"type":"if","locations":[{"start":{"line":142,"column":4},"end":{"line":152,"column":5}},{"start":{"line":145,"column":11},"end":{"line":152,"column":5}}],"line":142},"21":{"loc":{"start":{"line":147,"column":8},"end":{"line":150,"column":9}},"type":"if","locations":[{"start":{"line":147,"column":8},"end":{"line":150,"column":9}},{"start":{},"end":{}}],"line":147},"22":{"loc":{"start":{"line":180,"column":2},"end":{"line":185,"column":3}},"type":"if","locations":[{"start":{"line":180,"column":2},"end":{"line":185,"column":3}},{"start":{},"end":{}}],"line":180},"23":{"loc":{"start":{"line":187,"column":2},"end":{"line":194,"column":3}},"type":"if","locations":[{"start":{"line":187,"column":2},"end":{"line":194,"column":3}},{"start":{},"end":{}}],"line":187},"24":{"loc":{"start":{"line":197,"column":4},"end":{"line":207,"column":5}},"type":"if","locations":[{"start":{"line":197,"column":4},"end":{"line":207,"column":5}},{"start":{"line":200,"column":11},"end":{"line":207,"column":5}}],"line":197},"25":{"loc":{"start":{"line":202,"column":8},"end":{"line":205,"column":9}},"type":"if","locations":[{"start":{"line":202,"column":8},"end":{"line":205,"column":9}},{"start":{},"end":{}}],"line":202},"26":{"loc":{"start":{"line":239,"column":2},"end":{"line":246,"column":3}},"type":"if","locations":[{"start":{"line":239,"column":2},"end":{"line":246,"column":3}},{"start":{},"end":{}}],"line":239},"27":{"loc":{"start":{"line":240,"column":4},"end":{"line":242,"column":28}},"type":"binary-expr","locations":[{"start":{"line":240,"column":4},"end":{"line":240,"column":28}},{"start":{"line":241,"column":4},"end":{"line":241,"column":23}},{"start":{"line":242,"column":4},"end":{"line":242,"column":28}}],"line":240},"28":{"loc":{"start":{"line":247,"column":2},"end":{"line":254,"column":3}},"type":"if","locations":[{"start":{"line":247,"column":2},"end":{"line":254,"column":3}},{"start":{},"end":{}}],"line":247},"29":{"loc":{"start":{"line":248,"column":4},"end":{"line":250,"column":27}},"type":"binary-expr","locations":[{"start":{"line":248,"column":4},"end":{"line":248,"column":27}},{"start":{"line":249,"column":4},"end":{"line":249,"column":22}},{"start":{"line":250,"column":4},"end":{"line":250,"column":27}}],"line":248},"30":{"loc":{"start":{"line":255,"column":2},"end":{"line":265,"column":3}},"type":"if","locations":[{"start":{"line":255,"column":2},"end":{"line":265,"column":3}},{"start":{},"end":{}}],"line":255},"31":{"loc":{"start":{"line":256,"column":4},"end":{"line":258,"column":30}},"type":"binary-expr","locations":[{"start":{"line":256,"column":4},"end":{"line":256,"column":30}},{"start":{"line":257,"column":4},"end":{"line":257,"column":25}},{"start":{"line":258,"column":4},"end":{"line":258,"column":30}}],"line":256},"32":{"loc":{"start":{"line":273,"column":4},"end":{"line":331,"column":5}},"type":"if","locations":[{"start":{"line":273,"column":4},"end":{"line":331,"column":5}},{"start":{"line":329,"column":11},"end":{"line":331,"column":5}}],"line":273},"33":{"loc":{"start":{"line":275,"column":8},"end":{"line":327,"column":9}},"type":"if","locations":[{"start":{"line":275,"column":8},"end":{"line":327,"column":9}},{"start":{"line":322,"column":15},"end":{"line":327,"column":9}}],"line":275},"34":{"loc":{"start":{"line":314,"column":12},"end":{"line":320,"column":13}},"type":"if","locations":[{"start":{"line":314,"column":12},"end":{"line":320,"column":13}},{"start":{"line":317,"column":19},"end":{"line":320,"column":13}}],"line":314},"35":{"loc":{"start":{"line":341,"column":2},"end":{"line":348,"column":3}},"type":"if","locations":[{"start":{"line":341,"column":2},"end":{"line":348,"column":3}},{"start":{},"end":{}}],"line":341},"36":{"loc":{"start":{"line":342,"column":4},"end":{"line":344,"column":27}},"type":"binary-expr","locations":[{"start":{"line":342,"column":4},"end":{"line":342,"column":27}},{"start":{"line":343,"column":4},"end":{"line":343,"column":22}},{"start":{"line":344,"column":4},"end":{"line":344,"column":27}}],"line":342},"37":{"loc":{"start":{"line":350,"column":2},"end":{"line":357,"column":3}},"type":"if","locations":[{"start":{"line":350,"column":2},"end":{"line":357,"column":3}},{"start":{},"end":{}}],"line":350},"38":{"loc":{"start":{"line":351,"column":4},"end":{"line":353,"column":28}},"type":"binary-expr","locations":[{"start":{"line":351,"column":4},"end":{"line":351,"column":28}},{"start":{"line":352,"column":4},"end":{"line":352,"column":23}},{"start":{"line":353,"column":4},"end":{"line":353,"column":28}}],"line":351},"39":{"loc":{"start":{"line":360,"column":4},"end":{"line":364,"column":5}},"type":"if","locations":[{"start":{"line":360,"column":4},"end":{"line":364,"column":5}},{"start":{"line":362,"column":11},"end":{"line":364,"column":5}}],"line":360},"40":{"loc":{"start":{"line":374,"column":2},"end":{"line":381,"column":3}},"type":"if","locations":[{"start":{"line":374,"column":2},"end":{"line":381,"column":3}},{"start":{},"end":{}}],"line":374},"41":{"loc":{"start":{"line":375,"column":4},"end":{"line":377,"column":27}},"type":"binary-expr","locations":[{"start":{"line":375,"column":4},"end":{"line":375,"column":27}},{"start":{"line":376,"column":4},"end":{"line":376,"column":22}},{"start":{"line":377,"column":4},"end":{"line":377,"column":27}}],"line":375},"42":{"loc":{"start":{"line":382,"column":2},"end":{"line":389,"column":3}},"type":"if","locations":[{"start":{"line":382,"column":2},"end":{"line":389,"column":3}},{"start":{},"end":{}}],"line":382},"43":{"loc":{"start":{"line":383,"column":4},"end":{"line":385,"column":30}},"type":"binary-expr","locations":[{"start":{"line":383,"column":4},"end":{"line":383,"column":30}},{"start":{"line":384,"column":4},"end":{"line":384,"column":25}},{"start":{"line":385,"column":4},"end":{"line":385,"column":30}}],"line":383},"44":{"loc":{"start":{"line":394,"column":4},"end":{"line":426,"column":5}},"type":"if","locations":[{"start":{"line":394,"column":4},"end":{"line":426,"column":5}},{"start":{"line":396,"column":11},"end":{"line":426,"column":5}}],"line":394},"45":{"loc":{"start":{"line":397,"column":6},"end":{"line":403,"column":7}},"type":"if","locations":[{"start":{"line":397,"column":6},"end":{"line":403,"column":7}},{"start":{},"end":{}}],"line":397},"46":{"loc":{"start":{"line":405,"column":6},"end":{"line":411,"column":7}},"type":"if","locations":[{"start":{"line":405,"column":6},"end":{"line":411,"column":7}},{"start":{},"end":{}}],"line":405},"47":{"loc":{"start":{"line":413,"column":6},"end":{"line":425,"column":7}},"type":"if","locations":[{"start":{"line":413,"column":6},"end":{"line":425,"column":7}},{"start":{"line":423,"column":13},"end":{"line":425,"column":7}}],"line":413},"48":{"loc":{"start":{"line":435,"column":2},"end":{"line":438,"column":3}},"type":"if","locations":[{"start":{"line":435,"column":2},"end":{"line":438,"column":3}},{"start":{},"end":{}}],"line":435},"49":{"loc":{"start":{"line":435,"column":6},"end":{"line":435,"column":65}},"type":"binary-expr","locations":[{"start":{"line":435,"column":6},"end":{"line":435,"column":27}},{"start":{"line":435,"column":31},"end":{"line":435,"column":47}},{"start":{"line":435,"column":51},"end":{"line":435,"column":65}}],"line":435},"50":{"loc":{"start":{"line":450,"column":2},"end":{"line":457,"column":3}},"type":"if","locations":[{"start":{"line":450,"column":2},"end":{"line":457,"column":3}},{"start":{},"end":{}}],"line":450},"51":{"loc":{"start":{"line":451,"column":4},"end":{"line":453,"column":27}},"type":"binary-expr","locations":[{"start":{"line":451,"column":4},"end":{"line":451,"column":27}},{"start":{"line":452,"column":4},"end":{"line":452,"column":22}},{"start":{"line":453,"column":4},"end":{"line":453,"column":27}}],"line":451},"52":{"loc":{"start":{"line":493,"column":6},"end":{"line":503,"column":7}},"type":"if","locations":[{"start":{"line":493,"column":6},"end":{"line":503,"column":7}},{"start":{"line":496,"column":13},"end":{"line":503,"column":7}}],"line":493},"53":{"loc":{"start":{"line":515,"column":2},"end":{"line":522,"column":3}},"type":"if","locations":[{"start":{"line":515,"column":2},"end":{"line":522,"column":3}},{"start":{},"end":{}}],"line":515},"54":{"loc":{"start":{"line":516,"column":4},"end":{"line":518,"column":27}},"type":"binary-expr","locations":[{"start":{"line":516,"column":4},"end":{"line":516,"column":27}},{"start":{"line":517,"column":4},"end":{"line":517,"column":22}},{"start":{"line":518,"column":4},"end":{"line":518,"column":27}}],"line":516},"55":{"loc":{"start":{"line":524,"column":2},"end":{"line":534,"column":3}},"type":"if","locations":[{"start":{"line":524,"column":2},"end":{"line":534,"column":3}},{"start":{},"end":{}}],"line":524},"56":{"loc":{"start":{"line":525,"column":4},"end":{"line":527,"column":31}},"type":"binary-expr","locations":[{"start":{"line":525,"column":4},"end":{"line":525,"column":31}},{"start":{"line":526,"column":4},"end":{"line":526,"column":26}},{"start":{"line":527,"column":4},"end":{"line":527,"column":31}}],"line":525},"57":{"loc":{"start":{"line":536,"column":2},"end":{"line":546,"column":3}},"type":"if","locations":[{"start":{"line":536,"column":2},"end":{"line":546,"column":3}},{"start":{},"end":{}}],"line":536},"58":{"loc":{"start":{"line":537,"column":4},"end":{"line":539,"column":30}},"type":"binary-expr","locations":[{"start":{"line":537,"column":4},"end":{"line":537,"column":30}},{"start":{"line":538,"column":4},"end":{"line":538,"column":25}},{"start":{"line":539,"column":4},"end":{"line":539,"column":30}}],"line":537},"59":{"loc":{"start":{"line":551,"column":4},"end":{"line":560,"column":5}},"type":"if","locations":[{"start":{"line":551,"column":4},"end":{"line":560,"column":5}},{"start":{"line":557,"column":11},"end":{"line":560,"column":5}}],"line":551},"60":{"loc":{"start":{"line":569,"column":2},"end":{"line":579,"column":3}},"type":"if","locations":[{"start":{"line":569,"column":2},"end":{"line":579,"column":3}},{"start":{},"end":{}}],"line":569},"61":{"loc":{"start":{"line":570,"column":4},"end":{"line":572,"column":23}},"type":"binary-expr","locations":[{"start":{"line":570,"column":4},"end":{"line":570,"column":30}},{"start":{"line":571,"column":4},"end":{"line":571,"column":25}},{"start":{"line":572,"column":4},"end":{"line":572,"column":23}}],"line":570},"62":{"loc":{"start":{"line":580,"column":2},"end":{"line":586,"column":3}},"type":"if","locations":[{"start":{"line":580,"column":2},"end":{"line":586,"column":3}},{"start":{},"end":{}}],"line":580},"63":{"loc":{"start":{"line":580,"column":6},"end":{"line":580,"column":65}},"type":"binary-expr","locations":[{"start":{"line":580,"column":6},"end":{"line":580,"column":27}},{"start":{"line":580,"column":31},"end":{"line":580,"column":47}},{"start":{"line":580,"column":51},"end":{"line":580,"column":65}}],"line":580},"64":{"loc":{"start":{"line":601,"column":2},"end":{"line":607,"column":3}},"type":"if","locations":[{"start":{"line":601,"column":2},"end":{"line":607,"column":3}},{"start":{},"end":{}}],"line":601},"65":{"loc":{"start":{"line":601,"column":6},"end":{"line":601,"column":65}},"type":"binary-expr","locations":[{"start":{"line":601,"column":6},"end":{"line":601,"column":27}},{"start":{"line":601,"column":31},"end":{"line":601,"column":47}},{"start":{"line":601,"column":51},"end":{"line":601,"column":65}}],"line":601},"66":{"loc":{"start":{"line":609,"column":2},"end":{"line":612,"column":3}},"type":"if","locations":[{"start":{"line":609,"column":2},"end":{"line":612,"column":3}},{"start":{},"end":{}}],"line":609},"67":{"loc":{"start":{"line":609,"column":6},"end":{"line":609,"column":74}},"type":"binary-expr","locations":[{"start":{"line":609,"column":6},"end":{"line":609,"column":30}},{"start":{"line":609,"column":34},"end":{"line":609,"column":53}},{"start":{"line":609,"column":57},"end":{"line":609,"column":74}}],"line":609},"68":{"loc":{"start":{"line":615,"column":4},"end":{"line":619,"column":5}},"type":"if","locations":[{"start":{"line":615,"column":4},"end":{"line":619,"column":5}},{"start":{"line":617,"column":11},"end":{"line":619,"column":5}}],"line":615}},"s":{"0":1,"1":1,"2":1,"3":1,"4":9,"5":9,"6":1,"7":1,"8":8,"9":1,"10":1,"11":7,"12":1,"13":1,"14":6,"15":1,"16":1,"17":5,"18":5,"19":5,"20":4,"21":4,"22":4,"23":0,"24":1,"25":1,"26":1,"27":1,"28":1,"29":0,"30":0,"31":0,"32":0,"33":0,"34":0,"35":0,"36":0,"37":0,"38":1,"39":0,"40":0,"41":0,"42":0,"43":0,"44":0,"45":0,"46":0,"47":0,"48":0,"49":0,"50":0,"51":0,"52":0,"53":0,"54":0,"55":0,"56":0,"57":0,"58":0,"59":0,"60":0,"61":0,"62":0,"63":1,"64":5,"65":5,"66":5,"67":2,"68":2,"69":3,"70":1,"71":1,"72":2,"73":2,"74":1,"75":1,"76":1,"77":1,"78":1,"79":1,"80":1,"81":6,"82":6,"83":1,"84":1,"85":5,"86":1,"87":1,"88":4,"89":1,"90":1,"91":3,"92":3,"93":3,"94":3,"95":3,"96":2,"97":2,"98":2,"99":2,"100":2,"101":2,"102":0,"103":2,"104":0,"105":1,"106":1,"107":5,"108":5,"109":2,"110":2,"111":3,"112":2,"113":2,"114":1,"115":1,"116":1,"117":0,"118":1,"119":2,"120":2,"121":0,"122":0,"123":2,"124":0,"125":0,"126":2,"127":2,"128":2,"129":0,"130":2,"131":0,"132":0,"133":2,"134":0,"135":0,"136":2,"137":2,"138":2,"139":2,"140":2,"141":2,"142":2,"143":0,"144":1,"145":2,"146":2,"147":1,"148":1,"149":1,"150":1,"151":1,"152":0,"153":0,"154":0,"155":0,"156":0,"157":0,"158":0,"159":0,"160":0,"161":0,"162":0,"163":0,"164":1,"165":0,"166":0,"167":0,"168":0,"169":0,"170":0,"171":0,"172":0,"173":0,"174":0,"175":0,"176":0,"177":0,"178":0,"179":0,"180":0,"181":0,"182":1,"183":0,"184":0,"185":0,"186":0,"187":0,"188":0,"189":0,"190":0,"191":0,"192":0,"193":0,"194":1,"195":0,"196":0,"197":0,"198":0,"199":0,"200":0,"201":0,"202":0,"203":0,"204":0,"205":0,"206":1},"f":{"0":9,"1":5,"2":4,"3":1,"4":1,"5":0,"6":0,"7":0,"8":0,"9":0,"10":5,"11":2,"12":1,"13":6,"14":3,"15":2,"16":2,"17":5,"18":1,"19":2,"20":2,"21":2,"22":1,"23":0,"24":0,"25":0,"26":0,"27":0,"28":0,"29":0,"30":0,"31":0},"b":{"0":[1,8],"1":[9,9,9],"2":[1,7],"3":[8,8,8],"4":[1,6],"5":[7,7,7],"6":[1,5],"7":[6,6,6],"8":[4,1],"9":[4,0],"10":[0,0],"11":[0,0],"12":[0,0],"13":[0,0],"14":[0,0,0],"15":[0,0],"16":[0,0,0],"17":[0,0],"18":[0,0,0],"19":[0,0],"20":[0,0],"21":[0,0],"22":[2,3],"23":[1,2],"24":[1,1],"25":[1,0],"26":[1,5],"27":[6,6,6],"28":[1,4],"29":[5,5,5],"30":[1,3],"31":[4,4,4],"32":[2,1],"33":[2,0],"34":[0,2],"35":[2,3],"36":[5,5,5],"37":[2,1],"38":[3,2,2],"39":[1,0],"40":[0,2],"41":[2,2,2],"42":[0,2],"43":[2,2,2],"44":[0,2],"45":[0,2],"46":[0,2],"47":[2,0],"48":[1,1],"49":[2,2,2],"50":[0,0],"51":[0,0,0],"52":[0,0],"53":[0,0],"54":[0,0,0],"55":[0,0],"56":[0,0,0],"57":[0,0],"58":[0,0,0],"59":[0,0],"60":[0,0],"61":[0,0,0],"62":[0,0],"63":[0,0,0],"64":[0,0],"65":[0,0,0],"66":[0,0],"67":[0,0,0],"68":[0,0]},"_coverageSchema":"1a1c01bbd47fc00a2c39e90264f33305004495a9","hash":"ec3d7401c875b3ec3a42a5bdae1a4c728ac21498"}
,"C:\\Users\\PC\\Desktop\\Cohorte05\\Backend2\\api\\modelos\\serviciosModel.js": {"path":"C:\\Users\\PC\\Desktop\\Cohorte05\\Backend2\\api\\modelos\\serviciosModel.js","statementMap":{"0":{"start":{"line":1,"column":17},"end":{"line":1,"column":36}},"1":{"start":{"line":2,"column":13},"end":{"line":2,"column":28}},"2":{"start":{"line":4,"column":21},"end":{"line":4,"column":23}},"3":{"start":{"line":6,"column":22},"end":{"line":11,"column":2}},"4":{"start":{"line":13,"column":16},"end":{"line":13,"column":60}},"5":{"start":{"line":17,"column":0},"end":{"line":23,"column":1}},"6":{"start":{"line":18,"column":4},"end":{"line":22,"column":6}},"7":{"start":{"line":19,"column":8},"end":{"line":19,"column":34}},"8":{"start":{"line":21,"column":8},"end":{"line":21,"column":26}},"9":{"start":{"line":25,"column":0},"end":{"line":31,"column":1}},"10":{"start":{"line":26,"column":4},"end":{"line":30,"column":6}},"11":{"start":{"line":27,"column":8},"end":{"line":27,"column":34}},"12":{"start":{"line":29,"column":8},"end":{"line":29,"column":26}},"13":{"start":{"line":33,"column":0},"end":{"line":45,"column":1}},"14":{"start":{"line":35,"column":22},"end":{"line":35,"column":33}},"15":{"start":{"line":36,"column":4},"end":{"line":36,"column":34}},"16":{"start":{"line":37,"column":4},"end":{"line":37,"column":34}},"17":{"start":{"line":38,"column":4},"end":{"line":43,"column":6}},"18":{"start":{"line":39,"column":8},"end":{"line":39,"column":37}},"19":{"start":{"line":41,"column":8},"end":{"line":41,"column":26}},"20":{"start":{"line":42,"column":8},"end":{"line":42,"column":38}},"21":{"start":{"line":47,"column":0},"end":{"line":51,"column":1}},"22":{"start":{"line":48,"column":4},"end":{"line":50,"column":6}},"23":{"start":{"line":49,"column":8},"end":{"line":49,"column":34}},"24":{"start":{"line":53,"column":0},"end":{"line":58,"column":1}},"25":{"start":{"line":54,"column":3},"end":{"line":56,"column":6}},"26":{"start":{"line":55,"column":8},"end":{"line":55,"column":34}},"27":{"start":{"line":60,"column":0},"end":{"line":67,"column":1}},"28":{"start":{"line":61,"column":4},"end":{"line":66,"column":6}},"29":{"start":{"line":62,"column":8},"end":{"line":62,"column":37}},"30":{"start":{"line":64,"column":8},"end":{"line":64,"column":26}},"31":{"start":{"line":65,"column":8},"end":{"line":65,"column":38}},"32":{"start":{"line":69,"column":0},"end":{"line":76,"column":1}},"33":{"start":{"line":70,"column":8},"end":{"line":75,"column":6}},"34":{"start":{"line":71,"column":8},"end":{"line":71,"column":37}},"35":{"start":{"line":73,"column":8},"end":{"line":73,"column":26}},"36":{"start":{"line":74,"column":8},"end":{"line":74,"column":38}},"37":{"start":{"line":79,"column":0},"end":{"line":79,"column":32}},"38":{"start":{"line":80,"column":0},"end":{"line":80,"column":46}}},"fnMap":{"0":{"name":"(anonymous_0)","decl":{"start":{"line":17,"column":30},"end":{"line":17,"column":31}},"loc":{"start":{"line":17,"column":54},"end":{"line":23,"column":1}},"line":17},"1":{"name":"(anonymous_1)","decl":{"start":{"line":18,"column":47},"end":{"line":18,"column":48}},"loc":{"start":{"line":18,"column":62},"end":{"line":20,"column":5}},"line":18},"2":{"name":"(anonymous_2)","decl":{"start":{"line":20,"column":13},"end":{"line":20,"column":14}},"loc":{"start":{"line":20,"column":24},"end":{"line":22,"column":5}},"line":20},"3":{"name":"(anonymous_3)","decl":{"start":{"line":25,"column":26},"end":{"line":25,"column":27}},"loc":{"start":{"line":25,"column":50},"end":{"line":31,"column":1}},"line":25},"4":{"name":"(anonymous_4)","decl":{"start":{"line":26,"column":41},"end":{"line":26,"column":42}},"loc":{"start":{"line":26,"column":56},"end":{"line":28,"column":5}},"line":26},"5":{"name":"(anonymous_5)","decl":{"start":{"line":28,"column":13},"end":{"line":28,"column":14}},"loc":{"start":{"line":28,"column":24},"end":{"line":30,"column":5}},"line":28},"6":{"name":"(anonymous_6)","decl":{"start":{"line":33,"column":25},"end":{"line":33,"column":26}},"loc":{"start":{"line":33,"column":49},"end":{"line":45,"column":1}},"line":33},"7":{"name":"(anonymous_7)","decl":{"start":{"line":38,"column":26},"end":{"line":38,"column":27}},"loc":{"start":{"line":38,"column":41},"end":{"line":40,"column":5}},"line":38},"8":{"name":"(anonymous_8)","decl":{"start":{"line":40,"column":13},"end":{"line":40,"column":14}},"loc":{"start":{"line":40,"column":24},"end":{"line":43,"column":5}},"line":40},"9":{"name":"(anonymous_9)","decl":{"start":{"line":47,"column":29},"end":{"line":47,"column":30}},"loc":{"start":{"line":47,"column":53},"end":{"line":51,"column":1}},"line":47},"10":{"name":"(anonymous_10)","decl":{"start":{"line":48,"column":29},"end":{"line":48,"column":30}},"loc":{"start":{"line":48,"column":44},"end":{"line":50,"column":5}},"line":48},"11":{"name":"(anonymous_11)","decl":{"start":{"line":53,"column":26},"end":{"line":53,"column":27}},"loc":{"start":{"line":53,"column":50},"end":{"line":58,"column":1}},"line":53},"12":{"name":"(anonymous_12)","decl":{"start":{"line":54,"column":40},"end":{"line":54,"column":41}},"loc":{"start":{"line":54,"column":55},"end":{"line":56,"column":5}},"line":54},"13":{"name":"(anonymous_13)","decl":{"start":{"line":60,"column":28},"end":{"line":60,"column":29}},"loc":{"start":{"line":60,"column":52},"end":{"line":67,"column":1}},"line":60},"14":{"name":"(anonymous_14)","decl":{"start":{"line":61,"column":71},"end":{"line":61,"column":72}},"loc":{"start":{"line":61,"column":86},"end":{"line":63,"column":5}},"line":61},"15":{"name":"(anonymous_15)","decl":{"start":{"line":63,"column":13},"end":{"line":63,"column":14}},"loc":{"start":{"line":63,"column":24},"end":{"line":66,"column":5}},"line":63},"16":{"name":"(anonymous_16)","decl":{"start":{"line":69,"column":26},"end":{"line":69,"column":27}},"loc":{"start":{"line":69,"column":50},"end":{"line":76,"column":1}},"line":69},"17":{"name":"(anonymous_17)","decl":{"start":{"line":70,"column":54},"end":{"line":70,"column":55}},"loc":{"start":{"line":70,"column":69},"end":{"line":72,"column":5}},"line":70},"18":{"name":"(anonymous_18)","decl":{"start":{"line":72,"column":13},"end":{"line":72,"column":14}},"loc":{"start":{"line":72,"column":24},"end":{"line":75,"column":5}},"line":72}},"branchMap":{},"s":{"0":1,"1":1,"2":1,"3":1,"4":1,"5":1,"6":3,"7":3,"8":0,"9":1,"10":5,"11":5,"12":0,"13":1,"14":2,"15":2,"16":2,"17":2,"18":2,"19":0,"20":0,"21":1,"22":1,"23":1,"24":1,"25":1,"26":1,"27":1,"28":1,"29":1,"30":0,"31":0,"32":1,"33":1,"34":1,"35":0,"36":0,"37":1,"38":1},"f":{"0":3,"1":3,"2":0,"3":5,"4":5,"5":0,"6":2,"7":2,"8":0,"9":1,"10":1,"11":1,"12":1,"13":1,"14":1,"15":0,"16":1,"17":1,"18":0},"b":{},"_coverageSchema":"1a1c01bbd47fc00a2c39e90264f33305004495a9","hash":"6ec72d9859399bbcbc60c64a5005d428318a1a37"}
,"C:\\Users\\PC\\Desktop\\Cohorte05\\Backend2\\api\\modelos\\usuariosModel.js": {"path":"C:\\Users\\PC\\Desktop\\Cohorte05\\Backend2\\api\\modelos\\usuariosModel.js","statementMap":{"0":{"start":{"line":1,"column":17},"end":{"line":1,"column":36}},"1":{"start":{"line":2,"column":13},"end":{"line":2,"column":28}},"2":{"start":{"line":4,"column":20},"end":{"line":4,"column":22}},"3":{"start":{"line":6,"column":21},"end":{"line":16,"column":2}},"4":{"start":{"line":18,"column":16},"end":{"line":18,"column":58}},"5":{"start":{"line":23,"column":0},"end":{"line":28,"column":1}},"6":{"start":{"line":25,"column":4},"end":{"line":27,"column":6}},"7":{"start":{"line":26,"column":8},"end":{"line":26,"column":34}},"8":{"start":{"line":31,"column":0},"end":{"line":36,"column":1}},"9":{"start":{"line":33,"column":4},"end":{"line":35,"column":6}},"10":{"start":{"line":34,"column":8},"end":{"line":34,"column":34}},"11":{"start":{"line":38,"column":0},"end":{"line":56,"column":1}},"12":{"start":{"line":39,"column":22},"end":{"line":39,"column":33}},"13":{"start":{"line":41,"column":4},"end":{"line":41,"column":34}},"14":{"start":{"line":42,"column":4},"end":{"line":42,"column":32}},"15":{"start":{"line":43,"column":4},"end":{"line":43,"column":38}},"16":{"start":{"line":44,"column":4},"end":{"line":44,"column":28}},"17":{"start":{"line":45,"column":4},"end":{"line":45,"column":31}},"18":{"start":{"line":48,"column":4},"end":{"line":54,"column":6}},"19":{"start":{"line":49,"column":8},"end":{"line":49,"column":30}},"20":{"start":{"line":50,"column":8},"end":{"line":50,"column":37}},"21":{"start":{"line":53,"column":8},"end":{"line":53,"column":38}},"22":{"start":{"line":58,"column":0},"end":{"line":63,"column":1}},"23":{"start":{"line":59,"column":4},"end":{"line":61,"column":6}},"24":{"start":{"line":60,"column":8},"end":{"line":60,"column":42}},"25":{"start":{"line":65,"column":0},"end":{"line":71,"column":1}},"26":{"start":{"line":66,"column":4},"end":{"line":69,"column":6}},"27":{"start":{"line":68,"column":8},"end":{"line":68,"column":42}},"28":{"start":{"line":73,"column":0},"end":{"line":88,"column":1}},"29":{"start":{"line":75,"column":4},"end":{"line":86,"column":10}},"30":{"start":{"line":82,"column":11},"end":{"line":82,"column":40}},"31":{"start":{"line":85,"column":12},"end":{"line":85,"column":42}},"32":{"start":{"line":90,"column":0},"end":{"line":99,"column":1}},"33":{"start":{"line":92,"column":4},"end":{"line":97,"column":10}},"34":{"start":{"line":93,"column":11},"end":{"line":93,"column":40}},"35":{"start":{"line":96,"column":12},"end":{"line":96,"column":42}},"36":{"start":{"line":101,"column":0},"end":{"line":113,"column":1}},"37":{"start":{"line":102,"column":4},"end":{"line":111,"column":10}},"38":{"start":{"line":107,"column":11},"end":{"line":107,"column":40}},"39":{"start":{"line":110,"column":12},"end":{"line":110,"column":42}},"40":{"start":{"line":115,"column":0},"end":{"line":126,"column":1}},"41":{"start":{"line":116,"column":4},"end":{"line":124,"column":10}},"42":{"start":{"line":120,"column":11},"end":{"line":120,"column":40}},"43":{"start":{"line":123,"column":12},"end":{"line":123,"column":42}},"44":{"start":{"line":128,"column":0},"end":{"line":148,"column":1}},"45":{"start":{"line":129,"column":22},"end":{"line":129,"column":33}},"46":{"start":{"line":131,"column":4},"end":{"line":131,"column":34}},"47":{"start":{"line":132,"column":4},"end":{"line":132,"column":32}},"48":{"start":{"line":133,"column":4},"end":{"line":133,"column":38}},"49":{"start":{"line":134,"column":4},"end":{"line":134,"column":29}},"50":{"start":{"line":135,"column":4},"end":{"line":135,"column":31}},"51":{"start":{"line":136,"column":4},"end":{"line":136,"column":37}},"52":{"start":{"line":140,"column":4},"end":{"line":146,"column":6}},"53":{"start":{"line":141,"column":8},"end":{"line":141,"column":30}},"54":{"start":{"line":142,"column":8},"end":{"line":142,"column":37}},"55":{"start":{"line":145,"column":8},"end":{"line":145,"column":38}},"56":{"start":{"line":150,"column":0},"end":{"line":157,"column":1}},"57":{"start":{"line":151,"column":4},"end":{"line":156,"column":6}},"58":{"start":{"line":152,"column":8},"end":{"line":152,"column":37}},"59":{"start":{"line":155,"column":8},"end":{"line":155,"column":38}},"60":{"start":{"line":159,"column":0},"end":{"line":166,"column":1}},"61":{"start":{"line":160,"column":4},"end":{"line":165,"column":6}},"62":{"start":{"line":161,"column":8},"end":{"line":161,"column":34}},"63":{"start":{"line":164,"column":8},"end":{"line":164,"column":38}},"64":{"start":{"line":168,"column":0},"end":{"line":174,"column":1}},"65":{"start":{"line":169,"column":4},"end":{"line":173,"column":10}},"66":{"start":{"line":172,"column":12},"end":{"line":172,"column":38}},"67":{"start":{"line":176,"column":0},"end":{"line":180,"column":1}},"68":{"start":{"line":177,"column":4},"end":{"line":179,"column":6}},"69":{"start":{"line":178,"column":8},"end":{"line":178,"column":34}},"70":{"start":{"line":184,"column":0},"end":{"line":184,"column":31}},"71":{"start":{"line":185,"column":0},"end":{"line":185,"column":44}}},"fnMap":{"0":{"name":"(anonymous_0)","decl":{"start":{"line":23,"column":30},"end":{"line":23,"column":31}},"loc":{"start":{"line":23,"column":54},"end":{"line":28,"column":1}},"line":23},"1":{"name":"(anonymous_1)","decl":{"start":{"line":25,"column":45},"end":{"line":25,"column":46}},"loc":{"start":{"line":25,"column":60},"end":{"line":27,"column":5}},"line":25},"2":{"name":"(anonymous_2)","decl":{"start":{"line":31,"column":26},"end":{"line":31,"column":27}},"loc":{"start":{"line":31,"column":50},"end":{"line":36,"column":1}},"line":31},"3":{"name":"(anonymous_3)","decl":{"start":{"line":33,"column":41},"end":{"line":33,"column":42}},"loc":{"start":{"line":33,"column":56},"end":{"line":35,"column":5}},"line":33},"4":{"name":"(anonymous_4)","decl":{"start":{"line":38,"column":30},"end":{"line":38,"column":31}},"loc":{"start":{"line":38,"column":54},"end":{"line":56,"column":1}},"line":38},"5":{"name":"(anonymous_5)","decl":{"start":{"line":48,"column":26},"end":{"line":48,"column":27}},"loc":{"start":{"line":48,"column":41},"end":{"line":51,"column":5}},"line":48},"6":{"name":"(anonymous_6)","decl":{"start":{"line":51,"column":13},"end":{"line":51,"column":14}},"loc":{"start":{"line":51,"column":24},"end":{"line":54,"column":5}},"line":51},"7":{"name":"(anonymous_7)","decl":{"start":{"line":58,"column":30},"end":{"line":58,"column":31}},"loc":{"start":{"line":58,"column":54},"end":{"line":63,"column":1}},"line":58},"8":{"name":"(anonymous_8)","decl":{"start":{"line":59,"column":45},"end":{"line":59,"column":46}},"loc":{"start":{"line":59,"column":60},"end":{"line":61,"column":5}},"line":59},"9":{"name":"(anonymous_9)","decl":{"start":{"line":65,"column":25},"end":{"line":65,"column":26}},"loc":{"start":{"line":65,"column":51},"end":{"line":71,"column":1}},"line":65},"10":{"name":"(anonymous_10)","decl":{"start":{"line":66,"column":63},"end":{"line":66,"column":64}},"loc":{"start":{"line":66,"column":78},"end":{"line":69,"column":5}},"line":66},"11":{"name":"(anonymous_11)","decl":{"start":{"line":73,"column":30},"end":{"line":73,"column":31}},"loc":{"start":{"line":73,"column":54},"end":{"line":88,"column":1}},"line":73},"12":{"name":"(anonymous_12)","decl":{"start":{"line":81,"column":16},"end":{"line":81,"column":17}},"loc":{"start":{"line":81,"column":31},"end":{"line":83,"column":9}},"line":81},"13":{"name":"(anonymous_13)","decl":{"start":{"line":83,"column":17},"end":{"line":83,"column":18}},"loc":{"start":{"line":83,"column":28},"end":{"line":86,"column":9}},"line":83},"14":{"name":"(anonymous_14)","decl":{"start":{"line":90,"column":30},"end":{"line":90,"column":31}},"loc":{"start":{"line":90,"column":54},"end":{"line":99,"column":1}},"line":90},"15":{"name":"(anonymous_15)","decl":{"start":{"line":92,"column":50},"end":{"line":92,"column":51}},"loc":{"start":{"line":92,"column":65},"end":{"line":94,"column":9}},"line":92},"16":{"name":"(anonymous_16)","decl":{"start":{"line":94,"column":17},"end":{"line":94,"column":18}},"loc":{"start":{"line":94,"column":28},"end":{"line":97,"column":9}},"line":94},"17":{"name":"(anonymous_17)","decl":{"start":{"line":101,"column":34},"end":{"line":101,"column":35}},"loc":{"start":{"line":101,"column":58},"end":{"line":113,"column":1}},"line":101},"18":{"name":"(anonymous_18)","decl":{"start":{"line":106,"column":16},"end":{"line":106,"column":17}},"loc":{"start":{"line":106,"column":31},"end":{"line":108,"column":9}},"line":106},"19":{"name":"(anonymous_19)","decl":{"start":{"line":108,"column":17},"end":{"line":108,"column":18}},"loc":{"start":{"line":108,"column":28},"end":{"line":111,"column":9}},"line":108},"20":{"name":"(anonymous_20)","decl":{"start":{"line":115,"column":38},"end":{"line":115,"column":39}},"loc":{"start":{"line":115,"column":62},"end":{"line":126,"column":1}},"line":115},"21":{"name":"(anonymous_21)","decl":{"start":{"line":119,"column":16},"end":{"line":119,"column":17}},"loc":{"start":{"line":119,"column":31},"end":{"line":121,"column":9}},"line":119},"22":{"name":"(anonymous_22)","decl":{"start":{"line":121,"column":17},"end":{"line":121,"column":18}},"loc":{"start":{"line":121,"column":28},"end":{"line":124,"column":9}},"line":121},"23":{"name":"(anonymous_23)","decl":{"start":{"line":128,"column":30},"end":{"line":128,"column":31}},"loc":{"start":{"line":128,"column":54},"end":{"line":148,"column":1}},"line":128},"24":{"name":"(anonymous_24)","decl":{"start":{"line":140,"column":26},"end":{"line":140,"column":27}},"loc":{"start":{"line":140,"column":41},"end":{"line":143,"column":5}},"line":140},"25":{"name":"(anonymous_25)","decl":{"start":{"line":143,"column":13},"end":{"line":143,"column":14}},"loc":{"start":{"line":143,"column":24},"end":{"line":146,"column":5}},"line":143},"26":{"name":"(anonymous_26)","decl":{"start":{"line":150,"column":39},"end":{"line":150,"column":40}},"loc":{"start":{"line":150,"column":63},"end":{"line":157,"column":1}},"line":150},"27":{"name":"(anonymous_27)","decl":{"start":{"line":151,"column":80},"end":{"line":151,"column":81}},"loc":{"start":{"line":151,"column":95},"end":{"line":153,"column":5}},"line":151},"28":{"name":"(anonymous_28)","decl":{"start":{"line":153,"column":13},"end":{"line":153,"column":14}},"loc":{"start":{"line":153,"column":24},"end":{"line":156,"column":5}},"line":153},"29":{"name":"(anonymous_29)","decl":{"start":{"line":159,"column":30},"end":{"line":159,"column":31}},"loc":{"start":{"line":159,"column":54},"end":{"line":166,"column":1}},"line":159},"30":{"name":"(anonymous_30)","decl":{"start":{"line":160,"column":120},"end":{"line":160,"column":121}},"loc":{"start":{"line":160,"column":135},"end":{"line":162,"column":5}},"line":160},"31":{"name":"(anonymous_31)","decl":{"start":{"line":162,"column":13},"end":{"line":162,"column":14}},"loc":{"start":{"line":162,"column":24},"end":{"line":165,"column":5}},"line":162},"32":{"name":"(anonymous_32)","decl":{"start":{"line":168,"column":30},"end":{"line":168,"column":31}},"loc":{"start":{"line":168,"column":54},"end":{"line":174,"column":1}},"line":168},"33":{"name":"(anonymous_33)","decl":{"start":{"line":171,"column":16},"end":{"line":171,"column":17}},"loc":{"start":{"line":171,"column":31},"end":{"line":173,"column":9}},"line":171},"34":{"name":"(anonymous_34)","decl":{"start":{"line":176,"column":30},"end":{"line":176,"column":31}},"loc":{"start":{"line":176,"column":54},"end":{"line":180,"column":1}},"line":176},"35":{"name":"(anonymous_35)","decl":{"start":{"line":177,"column":65},"end":{"line":177,"column":66}},"loc":{"start":{"line":177,"column":80},"end":{"line":179,"column":5}},"line":177}},"branchMap":{},"s":{"0":1,"1":1,"2":1,"3":1,"4":1,"5":1,"6":8,"7":8,"8":1,"9":2,"10":2,"11":1,"12":4,"13":4,"14":4,"15":4,"16":4,"17":4,"18":4,"19":4,"20":4,"21":0,"22":1,"23":1,"24":1,"25":1,"26":1,"27":1,"28":1,"29":0,"30":0,"31":0,"32":1,"33":1,"34":1,"35":0,"36":1,"37":0,"38":0,"39":0,"40":1,"41":0,"42":0,"43":0,"44":1,"45":2,"46":2,"47":2,"48":2,"49":2,"50":2,"51":2,"52":2,"53":2,"54":2,"55":0,"56":1,"57":0,"58":0,"59":0,"60":1,"61":0,"62":0,"63":0,"64":1,"65":1,"66":1,"67":1,"68":2,"69":2,"70":1,"71":1},"f":{"0":8,"1":8,"2":2,"3":2,"4":4,"5":4,"6":0,"7":1,"8":1,"9":1,"10":1,"11":0,"12":0,"13":0,"14":1,"15":1,"16":0,"17":0,"18":0,"19":0,"20":0,"21":0,"22":0,"23":2,"24":2,"25":0,"26":0,"27":0,"28":0,"29":0,"30":0,"31":0,"32":1,"33":1,"34":2,"35":2},"b":{},"_coverageSchema":"1a1c01bbd47fc00a2c39e90264f33305004495a9","hash":"55d1a4f18791e59288954de794ba5516c6f49545"}
}
