TN:
SF:config.js
FNF:0
FNH:0
DA:1,2
DA:5,2
DA:6,2
DA:8,2
DA:9,2
DA:10,2
DA:11,2
DA:12,2
DA:15,2
DA:16,2
DA:17,2
DA:18,2
DA:20,2
DA:27,2
LF:14
LH:14
BRF:0
BRH:0
end_of_record
TN:
SF:api\controladores\serviciosController.js
FN:6,(anonymous_0)
FN:21,(anonymous_1)
FN:23,(anonymous_2)
FN:40,(anonymous_3)
FN:41,(anonymous_4)
FN:46,(anonymous_5)
FN:56,(anonymous_6)
FN:63,(anonymous_7)
FN:80,(anonymous_8)
FN:85,(anonymous_9)
FN:98,(anonymous_10)
FN:109,(anonymous_11)
FN:114,(anonymous_12)
FN:127,(anonymous_13)
FN:128,(anonymous_14)
FNF:15
FNH:11
FNDA:4,(anonymous_0)
FNDA:2,(anonymous_1)
FNDA:1,(anonymous_2)
FNDA:1,(anonymous_3)
FNDA:1,(anonymous_4)
FNDA:0,(anonymous_5)
FNDA:0,(anonymous_6)
FNDA:5,(anonymous_7)
FNDA:3,(anonymous_8)
FNDA:1,(anonymous_9)
FNDA:4,(anonymous_10)
FNDA:3,(anonymous_11)
FNDA:1,(anonymous_12)
FNDA:0,(anonymous_13)
FNDA:0,(anonymous_14)
DA:1,1
DA:3,1
DA:6,1
DA:7,4
DA:11,4
DA:12,1
DA:13,1
DA:16,3
DA:17,1
DA:18,1
DA:21,2
DA:22,2
DA:23,1
DA:24,1
DA:25,1
DA:28,0
DA:35,1
DA:40,1
DA:41,1
DA:42,1
DA:46,1
DA:47,0
DA:51,0
DA:52,0
DA:53,0
DA:56,0
DA:57,0
DA:63,1
DA:64,5
DA:70,5
DA:71,1
DA:72,1
DA:75,4
DA:76,1
DA:77,1
DA:80,3
DA:81,3
DA:82,2
DA:85,1
DA:86,1
DA:87,1
DA:90,0
DA:98,1
DA:99,4
DA:104,4
DA:105,1
DA:106,1
DA:109,3
DA:110,3
DA:111,2
DA:114,1
DA:115,1
DA:116,1
DA:119,0
DA:127,1
DA:128,0
DA:129,0
DA:135,1
LF:58
LH:47
BRDA:11,0,0,1
BRDA:11,0,1,3
BRDA:11,1,0,4
BRDA:11,1,1,4
BRDA:11,1,2,4
BRDA:16,2,0,1
BRDA:16,2,1,2
BRDA:16,3,0,3
BRDA:16,3,1,3
BRDA:16,3,2,3
BRDA:22,4,0,1
BRDA:22,4,1,1
BRDA:24,5,0,1
BRDA:24,5,1,0
BRDA:51,6,0,0
BRDA:51,6,1,0
BRDA:51,7,0,0
BRDA:51,7,1,0
BRDA:51,7,2,0
BRDA:70,8,0,1
BRDA:70,8,1,4
BRDA:70,9,0,5
BRDA:70,9,1,5
BRDA:70,9,2,5
BRDA:75,10,0,1
BRDA:75,10,1,3
BRDA:75,11,0,4
BRDA:75,11,1,4
BRDA:75,11,2,4
BRDA:81,12,0,2
BRDA:81,12,1,1
BRDA:86,13,0,1
BRDA:86,13,1,0
BRDA:104,14,0,1
BRDA:104,14,1,3
BRDA:104,15,0,4
BRDA:104,15,1,4
BRDA:104,15,2,4
BRDA:110,16,0,2
BRDA:110,16,1,1
BRDA:115,17,0,1
BRDA:115,17,1,0
BRF:42
BRH:34
end_of_record
TN:
SF:api\controladores\usuariosController.js
FN:8,(anonymous_0)
FN:49,(anonymous_1)
FN:54,(anonymous_2)
FN:67,(anonymous_3)
FN:68,(anonymous_4)
FN:73,(anonymous_5)
FN:98,(anonymous_6)
FN:103,(anonymous_7)
FN:141,(anonymous_8)
FN:146,(anonymous_9)
FN:173,(anonymous_10)
FN:196,(anonymous_11)
FN:201,(anonymous_12)
FN:232,(anonymous_13)
FN:272,(anonymous_14)
FN:274,(anonymous_15)
FN:313,(anonymous_16)
FN:335,(anonymous_17)
FN:359,(anonymous_18)
FN:368,(anonymous_19)
FN:393,(anonymous_20)
FN:430,(anonymous_21)
FN:440,(anonymous_22)
FN:445,(anonymous_23)
FN:461,(anonymous_24)
FN:492,(anonymous_25)
FN:508,(anonymous_26)
FN:550,(anonymous_27)
FN:564,(anonymous_28)
FN:589,(anonymous_29)
FN:595,(anonymous_30)
FN:614,(anonymous_31)
FNF:32
FNH:16
FNDA:8,(anonymous_0)
FNDA:4,(anonymous_1)
FNDA:3,(anonymous_2)
FNDA:0,(anonymous_3)
FNDA:0,(anonymous_4)
FNDA:0,(anonymous_5)
FNDA:0,(anonymous_6)
FNDA:0,(anonymous_7)
FNDA:0,(anonymous_8)
FNDA:0,(anonymous_9)
FNDA:5,(anonymous_10)
FNDA:2,(anonymous_11)
FNDA:1,(anonymous_12)
FNDA:6,(anonymous_13)
FNDA:3,(anonymous_14)
FNDA:2,(anonymous_15)
FNDA:2,(anonymous_16)
FNDA:6,(anonymous_17)
FNDA:2,(anonymous_18)
FNDA:2,(anonymous_19)
FNDA:2,(anonymous_20)
FNDA:2,(anonymous_21)
FNDA:1,(anonymous_22)
FNDA:0,(anonymous_23)
FNDA:0,(anonymous_24)
FNDA:0,(anonymous_25)
FNDA:0,(anonymous_26)
FNDA:0,(anonymous_27)
FNDA:0,(anonymous_28)
FNDA:0,(anonymous_29)
FNDA:0,(anonymous_30)
FNDA:0,(anonymous_31)
DA:1,1
DA:2,1
DA:4,1
DA:8,1
DA:9,8
DA:17,8
DA:18,1
DA:21,1
DA:24,7
DA:25,1
DA:28,1
DA:31,6
DA:32,1
DA:35,1
DA:38,5
DA:39,1
DA:42,1
DA:46,4
DA:49,4
DA:52,4
DA:54,3
DA:55,3
DA:56,3
DA:58,0
DA:62,1
DA:67,1
DA:68,0
DA:69,0
DA:73,1
DA:74,0
DA:79,0
DA:80,0
DA:84,0
DA:88,0
DA:89,0
DA:94,0
DA:98,0
DA:99,0
DA:103,1
DA:104,0
DA:112,0
DA:113,0
DA:116,0
DA:119,0
DA:120,0
DA:123,0
DA:126,0
DA:127,0
DA:128,0
DA:131,0
DA:132,0
DA:133,0
DA:136,0
DA:137,0
DA:138,0
DA:141,0
DA:142,0
DA:143,0
DA:144,0
DA:146,0
DA:147,0
DA:148,0
DA:149,0
DA:173,1
DA:174,5
DA:178,5
DA:180,5
DA:181,2
DA:184,2
DA:187,3
DA:188,1
DA:193,1
DA:196,2
DA:197,2
DA:198,1
DA:199,1
DA:201,1
DA:202,1
DA:203,1
DA:204,1
DA:232,1
DA:233,6
DA:239,6
DA:244,1
DA:245,1
DA:247,5
DA:252,1
DA:253,1
DA:255,4
DA:260,1
DA:264,1
DA:267,3
DA:269,3
DA:270,3
DA:272,3
DA:273,3
DA:274,2
DA:275,2
DA:279,2
DA:290,2
DA:313,2
DA:314,2
DA:316,0
DA:319,2
DA:323,0
DA:330,1
DA:335,1
DA:336,6
DA:341,6
DA:346,2
DA:347,2
DA:350,4
DA:355,2
DA:356,2
DA:359,2
DA:360,2
DA:361,1
DA:363,1
DA:368,1
DA:369,2
DA:374,2
DA:379,0
DA:380,0
DA:382,2
DA:387,0
DA:388,0
DA:391,2
DA:393,2
DA:394,2
DA:395,0
DA:397,2
DA:398,0
DA:402,0
DA:405,2
DA:406,0
DA:410,0
DA:413,2
DA:414,2
DA:415,2
DA:416,2
DA:417,2
DA:418,2
DA:419,2
DA:424,0
DA:430,1
DA:431,2
DA:435,2
DA:436,1
DA:437,1
DA:440,1
DA:441,1
DA:445,1
DA:446,0
DA:450,0
DA:455,0
DA:456,0
DA:459,0
DA:461,0
DA:462,0
DA:473,0
DA:492,0
DA:493,0
DA:495,0
DA:498,0
DA:508,1
DA:509,0
DA:515,0
DA:520,0
DA:521,0
DA:524,0
DA:529,0
DA:533,0
DA:536,0
DA:541,0
DA:545,0
DA:548,0
DA:550,0
DA:551,0
DA:552,0
DA:556,0
DA:558,0
DA:559,0
DA:564,1
DA:565,0
DA:569,0
DA:574,0
DA:578,0
DA:580,0
DA:581,0
DA:585,0
DA:587,0
DA:589,0
DA:590,0
DA:591,0
DA:595,1
DA:596,0
DA:601,0
DA:602,0
DA:606,0
DA:609,0
DA:610,0
DA:611,0
DA:614,0
DA:615,0
DA:616,0
DA:618,0
DA:624,1
LF:207
LH:108
BRDA:17,0,0,1
BRDA:17,0,1,7
BRDA:17,1,0,8
BRDA:17,1,1,8
BRDA:17,1,2,8
BRDA:24,2,0,1
BRDA:24,2,1,6
BRDA:24,3,0,7
BRDA:24,3,1,7
BRDA:24,3,2,7
BRDA:31,4,0,1
BRDA:31,4,1,5
BRDA:31,5,0,6
BRDA:31,5,1,6
BRDA:31,5,2,6
BRDA:38,6,0,1
BRDA:38,6,1,4
BRDA:38,7,0,5
BRDA:38,7,1,4
BRDA:38,7,2,4
BRDA:52,8,0,3
BRDA:52,8,1,1
BRDA:55,9,0,3
BRDA:55,9,1,0
BRDA:79,10,0,0
BRDA:79,10,1,0
BRDA:88,11,0,0
BRDA:88,11,1,0
BRDA:112,12,0,0
BRDA:112,12,1,0
BRDA:119,13,0,0
BRDA:119,13,1,0
BRDA:119,14,0,0
BRDA:119,14,1,0
BRDA:119,14,2,0
BRDA:126,15,0,0
BRDA:126,15,1,0
BRDA:126,16,0,0
BRDA:126,16,1,0
BRDA:126,16,2,0
BRDA:131,17,0,0
BRDA:131,17,1,0
BRDA:131,18,0,0
BRDA:131,18,1,0
BRDA:131,18,2,0
BRDA:136,19,0,0
BRDA:136,19,1,0
BRDA:142,20,0,0
BRDA:142,20,1,0
BRDA:147,21,0,0
BRDA:147,21,1,0
BRDA:180,22,0,2
BRDA:180,22,1,3
BRDA:187,23,0,1
BRDA:187,23,1,2
BRDA:197,24,0,1
BRDA:197,24,1,1
BRDA:202,25,0,1
BRDA:202,25,1,0
BRDA:239,26,0,1
BRDA:239,26,1,5
BRDA:240,27,0,6
BRDA:240,27,1,6
BRDA:240,27,2,6
BRDA:247,28,0,1
BRDA:247,28,1,4
BRDA:248,29,0,5
BRDA:248,29,1,5
BRDA:248,29,2,5
BRDA:255,30,0,1
BRDA:255,30,1,3
BRDA:256,31,0,4
BRDA:256,31,1,4
BRDA:256,31,2,4
BRDA:273,32,0,2
BRDA:273,32,1,1
BRDA:275,33,0,2
BRDA:275,33,1,0
BRDA:314,34,0,0
BRDA:314,34,1,2
BRDA:341,35,0,2
BRDA:341,35,1,4
BRDA:342,36,0,6
BRDA:342,36,1,6
BRDA:342,36,2,6
BRDA:350,37,0,2
BRDA:350,37,1,2
BRDA:351,38,0,4
BRDA:351,38,1,3
BRDA:351,38,2,3
BRDA:360,39,0,1
BRDA:360,39,1,1
BRDA:374,40,0,0
BRDA:374,40,1,2
BRDA:375,41,0,2
BRDA:375,41,1,2
BRDA:375,41,2,2
BRDA:382,42,0,0
BRDA:382,42,1,2
BRDA:383,43,0,2
BRDA:383,43,1,2
BRDA:383,43,2,2
BRDA:394,44,0,0
BRDA:394,44,1,2
BRDA:397,45,0,0
BRDA:397,45,1,2
BRDA:405,46,0,0
BRDA:405,46,1,2
BRDA:413,47,0,2
BRDA:413,47,1,0
BRDA:435,48,0,1
BRDA:435,48,1,1
BRDA:435,49,0,2
BRDA:435,49,1,2
BRDA:435,49,2,2
BRDA:450,50,0,0
BRDA:450,50,1,0
BRDA:451,51,0,0
BRDA:451,51,1,0
BRDA:451,51,2,0
BRDA:493,52,0,0
BRDA:493,52,1,0
BRDA:515,53,0,0
BRDA:515,53,1,0
BRDA:516,54,0,0
BRDA:516,54,1,0
BRDA:516,54,2,0
BRDA:524,55,0,0
BRDA:524,55,1,0
BRDA:525,56,0,0
BRDA:525,56,1,0
BRDA:525,56,2,0
BRDA:536,57,0,0
BRDA:536,57,1,0
BRDA:537,58,0,0
BRDA:537,58,1,0
BRDA:537,58,2,0
BRDA:551,59,0,0
BRDA:551,59,1,0
BRDA:569,60,0,0
BRDA:569,60,1,0
BRDA:570,61,0,0
BRDA:570,61,1,0
BRDA:570,61,2,0
BRDA:580,62,0,0
BRDA:580,62,1,0
BRDA:580,63,0,0
BRDA:580,63,1,0
BRDA:580,63,2,0
BRDA:601,64,0,0
BRDA:601,64,1,0
BRDA:601,65,0,0
BRDA:601,65,1,0
BRDA:601,65,2,0
BRDA:609,66,0,0
BRDA:609,66,1,0
BRDA:609,67,0,0
BRDA:609,67,1,0
BRDA:609,67,2,0
BRDA:615,68,0,0
BRDA:615,68,1,0
BRF:161
BRH:78
end_of_record
TN:
SF:api\modelos\serviciosModel.js
FN:17,(anonymous_0)
FN:18,(anonymous_1)
FN:20,(anonymous_2)
FN:25,(anonymous_3)
FN:26,(anonymous_4)
FN:28,(anonymous_5)
FN:33,(anonymous_6)
FN:38,(anonymous_7)
FN:40,(anonymous_8)
FN:47,(anonymous_9)
FN:48,(anonymous_10)
FN:53,(anonymous_11)
FN:54,(anonymous_12)
FN:60,(anonymous_13)
FN:61,(anonymous_14)
FN:63,(anonymous_15)
FN:69,(anonymous_16)
FN:70,(anonymous_17)
FN:72,(anonymous_18)
FNF:19
FNH:12
FNDA:2,(anonymous_0)
FNDA:2,(anonymous_1)
FNDA:0,(anonymous_2)
FNDA:6,(anonymous_3)
FNDA:6,(anonymous_4)
FNDA:0,(anonymous_5)
FNDA:1,(anonymous_6)
FNDA:1,(anonymous_7)
FNDA:0,(anonymous_8)
FNDA:1,(anonymous_9)
FNDA:1,(anonymous_10)
FNDA:0,(anonymous_11)
FNDA:0,(anonymous_12)
FNDA:1,(anonymous_13)
FNDA:1,(anonymous_14)
FNDA:0,(anonymous_15)
FNDA:1,(anonymous_16)
FNDA:1,(anonymous_17)
FNDA:0,(anonymous_18)
DA:1,1
DA:2,1
DA:4,1
DA:6,1
DA:13,1
DA:17,1
DA:18,2
DA:19,2
DA:21,0
DA:25,1
DA:26,6
DA:27,6
DA:29,0
DA:33,1
DA:35,1
DA:36,1
DA:37,1
DA:38,1
DA:39,1
DA:41,0
DA:42,0
DA:47,1
DA:48,1
DA:49,1
DA:53,1
DA:54,0
DA:55,0
DA:60,1
DA:61,1
DA:62,1
DA:64,0
DA:65,0
DA:69,1
DA:70,1
DA:71,1
DA:73,0
DA:74,0
DA:79,1
DA:80,1
LF:39
LH:29
BRF:0
BRH:0
end_of_record
TN:
SF:api\modelos\usuariosModel.js
FN:23,(anonymous_0)
FN:25,(anonymous_1)
FN:31,(anonymous_2)
FN:33,(anonymous_3)
FN:38,(anonymous_4)
FN:48,(anonymous_5)
FN:51,(anonymous_6)
FN:58,(anonymous_7)
FN:59,(anonymous_8)
FN:65,(anonymous_9)
FN:66,(anonymous_10)
FN:73,(anonymous_11)
FN:81,(anonymous_12)
FN:83,(anonymous_13)
FN:90,(anonymous_14)
FN:92,(anonymous_15)
FN:94,(anonymous_16)
FN:101,(anonymous_17)
FN:106,(anonymous_18)
FN:108,(anonymous_19)
FN:115,(anonymous_20)
FN:119,(anonymous_21)
FN:121,(anonymous_22)
FN:128,(anonymous_23)
FN:140,(anonymous_24)
FN:143,(anonymous_25)
FN:150,(anonymous_26)
FN:151,(anonymous_27)
FN:153,(anonymous_28)
FN:159,(anonymous_29)
FN:160,(anonymous_30)
FN:162,(anonymous_31)
FN:168,(anonymous_32)
FN:171,(anonymous_33)
FN:176,(anonymous_34)
FN:177,(anonymous_35)
FNF:36
FNH:16
FNDA:7,(anonymous_0)
FNDA:7,(anonymous_1)
FNDA:2,(anonymous_2)
FNDA:2,(anonymous_3)
FNDA:3,(anonymous_4)
FNDA:3,(anonymous_5)
FNDA:0,(anonymous_6)
FNDA:0,(anonymous_7)
FNDA:0,(anonymous_8)
FNDA:1,(anonymous_9)
FNDA:1,(anonymous_10)
FNDA:0,(anonymous_11)
FNDA:0,(anonymous_12)
FNDA:0,(anonymous_13)
FNDA:1,(anonymous_14)
FNDA:1,(anonymous_15)
FNDA:0,(anonymous_16)
FNDA:0,(anonymous_17)
FNDA:0,(anonymous_18)
FNDA:0,(anonymous_19)
FNDA:0,(anonymous_20)
FNDA:0,(anonymous_21)
FNDA:0,(anonymous_22)
FNDA:2,(anonymous_23)
FNDA:2,(anonymous_24)
FNDA:0,(anonymous_25)
FNDA:0,(anonymous_26)
FNDA:0,(anonymous_27)
FNDA:0,(anonymous_28)
FNDA:0,(anonymous_29)
FNDA:0,(anonymous_30)
FNDA:0,(anonymous_31)
FNDA:2,(anonymous_32)
FNDA:2,(anonymous_33)
FNDA:2,(anonymous_34)
FNDA:2,(anonymous_35)
DA:1,1
DA:2,1
DA:4,1
DA:6,1
DA:18,1
DA:23,1
DA:25,7
DA:26,7
DA:31,1
DA:33,2
DA:34,2
DA:38,1
DA:39,3
DA:41,3
DA:42,3
DA:43,3
DA:44,3
DA:45,3
DA:48,3
DA:49,3
DA:50,3
DA:53,0
DA:58,1
DA:59,0
DA:60,0
DA:65,1
DA:66,1
DA:68,1
DA:73,1
DA:75,0
DA:82,0
DA:85,0
DA:90,1
DA:92,1
DA:93,1
DA:96,0
DA:101,1
DA:102,0
DA:107,0
DA:110,0
DA:115,1
DA:116,0
DA:120,0
DA:123,0
DA:128,1
DA:129,2
DA:131,2
DA:132,2
DA:133,2
DA:134,2
DA:135,2
DA:136,2
DA:140,2
DA:141,2
DA:142,2
DA:145,0
DA:150,1
DA:151,0
DA:152,0
DA:155,0
DA:159,1
DA:160,0
DA:161,0
DA:164,0
DA:168,1
DA:169,2
DA:172,2
DA:176,1
DA:177,2
DA:178,2
DA:184,1
DA:185,1
LF:72
LH:52
BRF:0
BRH:0
end_of_record
